<?xml version="1.0" encoding="UTF-8"?>
<!-- Generated by org.testng.reporters.JUnitReportReporter -->
<testsuite skipped="0" hostname="PR020574" name="discovery.SingleSignOnLive.SS_clickRegisterwithInvalidEmail" tests="1" failures="0" timestamp="16 Oct 2017 10:51:56 GMT" time="11.572" errors="0">
  <testcase name="clickRegisterwithInvalidEmail" time="11.572" classname="discovery.SingleSignOnLive.SS_clickRegisterwithInvalidEmail"/>
</testsuite> <!-- discovery.SingleSignOnLive.SS_clickRegisterwithInvalidEmail -->
