<?xml version="1.0" encoding="UTF-8"?>
<!-- Generated by org.testng.reporters.JUnitReportReporter -->
<testsuite skipped="0" hostname="PR020921" name="discovery.MYC.ValidationCheck_Item" tests="1" failures="0" timestamp="11 Oct 2017 13:22:57 GMT" time="35.820" errors="0">
  <testcase name="validationcheck" time="35.820" classname="discovery.MYC.ValidationCheck_Item"/>
</testsuite> <!-- discovery.MYC.ValidationCheck_Item -->
