<?xml version="1.0" encoding="UTF-8"?>
<!-- Generated by org.testng.reporters.JUnitReportReporter -->
<testsuite skipped="0" hostname="PR020921" name="discovery.SingleSignOnLive.SS_CreateAccount_ChangeEmail_DeleteAccount" tests="1" failures="0" timestamp="22 Sep 2017 09:58:35 GMT" time="56.145" errors="0">
  <testcase name="CreateAccount" time="56.145" classname="discovery.SingleSignOnLive.SS_CreateAccount_ChangeEmail_DeleteAccount"/>
</testsuite> <!-- discovery.SingleSignOnLive.SS_CreateAccount_ChangeEmail_DeleteAccount -->
