<?xml version="1.0" encoding="UTF-8"?>
<!-- Generated by org.testng.reporters.JUnitReportReporter -->
<testsuite skipped="0" hostname="PR020574" name="dicovery.DeliveryOption.LocalArchive" tests="1" failures="0" timestamp="21 May 2018 14:12:04 GMT" time="10.118" errors="0">
  <testcase name="localArchive" time="10.118" classname="dicovery.DeliveryOption.LocalArchive"/>
</testsuite> <!-- dicovery.DeliveryOption.LocalArchive -->
