<?xml version="1.0" encoding="UTF-8"?>
<!-- Generated by org.testng.reporters.JUnitReportReporter -->
<testsuite skipped="0" hostname="PR020921" name="discovery.AdvancedSearchOnTest.AS_AutoLookUp" tests="1" failures="0" timestamp="27 Sep 2017 10:24:47 GMT" time="13.550" errors="0">
  <testcase name="verifyLoopUp" time="13.550" classname="discovery.AdvancedSearchOnTest.AS_AutoLookUp"/>
</testsuite> <!-- discovery.AdvancedSearchOnTest.AS_AutoLookUp -->
