<?xml version="1.0" encoding="UTF-8"?>
<!-- Generated by org.testng.reporters.JUnitReportReporter -->
<testsuite skipped="0" hostname="PR020921" name="discovery.Tag.StopListTag" tests="1" failures="0" timestamp="21 Sep 2017 14:08:07 GMT" time="19.761" errors="0">
  <testcase name="tag" time="19.761" classname="discovery.Tag.StopListTag"/>
</testsuite> <!-- discovery.Tag.StopListTag -->
