<?xml version="1.0" encoding="UTF-8"?>
<!-- Generated by org.testng.reporters.JUnitReportReporter -->
<testsuite skipped="0" hostname="PR020574" name="discovery.SingleSignOnTest.SS_NoAcceptTerm" tests="1" failures="0" timestamp="21 May 2018 14:12:05 GMT" time="11.735" errors="0">
  <testcase name="NoAcceptTerm" time="11.735" classname="discovery.SingleSignOnTest.SS_NoAcceptTerm"/>
</testsuite> <!-- discovery.SingleSignOnTest.SS_NoAcceptTerm -->
