<?xml version="1.0" encoding="UTF-8"?>
<!-- Generated by org.testng.reporters.JUnitReportReporter -->
<testsuite skipped="0" hostname="PR020574" name="discovery.FindAnAichiveOnLive.FA_ExportFirst1000RecordCreatorAsHTML" tests="1" failures="0" timestamp="16 Oct 2017 10:51:56 GMT" time="35.867" errors="0">
  <testcase name="ExportFirst1000RecordCreatorAsHTML" time="35.867" classname="discovery.FindAnAichiveOnLive.FA_ExportFirst1000RecordCreatorAsHTML"/>
</testsuite> <!-- discovery.FindAnAichiveOnLive.FA_ExportFirst1000RecordCreatorAsHTML -->
