<?xml version="1.0" encoding="UTF-8"?>
<!-- Generated by org.testng.reporters.JUnitReportReporter -->
<testsuite skipped="0" hostname="PR020574" name="discovery.ManorSearchOnTest.MS_ByManor_VerifyRecordsCreator" tests="1" failures="0" timestamp="21 May 2018 14:12:03 GMT" time="26.827" errors="0">
  <testcase name="ByMonor_VerifyRecordsCreator" time="26.827" classname="discovery.ManorSearchOnTest.MS_ByManor_VerifyRecordsCreator"/>
</testsuite> <!-- discovery.ManorSearchOnTest.MS_ByManor_VerifyRecordsCreator -->
