<?xml version="1.0" encoding="UTF-8"?>
<!-- Generated by org.testng.reporters.JUnitReportReporter -->
<testsuite skipped="0" hostname="PR020574" name="discovery.SingleSignOnTest.SS_clickRegisterwithInvalidEmail" tests="1" failures="0" timestamp="21 May 2018 14:12:03 GMT" time="11.518" errors="0">
  <testcase name="clickRegisterwithInvalidEmail" time="11.518" classname="discovery.SingleSignOnTest.SS_clickRegisterwithInvalidEmail"/>
</testsuite> <!-- discovery.SingleSignOnTest.SS_clickRegisterwithInvalidEmail -->
