<?xml version="1.0" encoding="UTF-8"?>
<!-- Generated by org.testng.reporters.JUnitReportReporter -->
<testsuite skipped="0" hostname="PR020921" name="discovery.MYC_InvalidValues.ValidationCheck_EmptyTemplate" tests="1" failures="0" timestamp="11 Oct 2017 14:18:59 GMT" time="38.755" errors="0">
  <testcase name="validationcheck" time="38.755" classname="discovery.MYC_InvalidValues.ValidationCheck_EmptyTemplate"/>
</testsuite> <!-- discovery.MYC_InvalidValues.ValidationCheck_EmptyTemplate -->
