<?xml version="1.0" encoding="UTF-8"?>
<!-- Generated by org.testng.reporters.JUnitReportReporter -->
<testsuite skipped="0" hostname="PR020574" name="discovery.AdvancedSearchOnLive.AS_ClosureStatus_PartiallyOpen_AnyTime" tests="1" failures="0" timestamp="16 Oct 2017 10:51:56 GMT" time="34.468" errors="0">
  <testcase name="PartiallyOpen_AnyTime" time="34.468" classname="discovery.AdvancedSearchOnLive.AS_ClosureStatus_PartiallyOpen_AnyTime"/>
</testsuite> <!-- discovery.AdvancedSearchOnLive.AS_ClosureStatus_PartiallyOpen_AnyTime -->
