<?xml version="1.0" encoding="UTF-8"?>
<!-- Generated by org.testng.reporters.JUnitReportReporter -->
<testsuite skipped="0" hostname="PR020574" name="cabinetPapersSearch.CabinetPapers_EntireDocument" tests="1" failures="0" timestamp="21 May 2018 14:12:03 GMT" time="10.039" errors="0">
  <testcase name="cabinetSearch" time="10.039" classname="cabinetPapersSearch.CabinetPapers_EntireDocument"/>
</testsuite> <!-- cabinetPapersSearch.CabinetPapers_EntireDocument -->
