<?xml version="1.0" encoding="UTF-8"?>
<!-- Generated by org.testng.reporters.JUnitReportReporter -->
<testsuite skipped="0" hostname="PR020574" name="discovery.ManorSearchOnLive.MS_ByMonor_VerifyRecordsCreator" tests="1" failures="0" timestamp="16 Oct 2017 10:51:55 GMT" time="43.320" errors="0">
  <testcase name="byMonor_VerifyRecordsCreator" time="43.320" classname="discovery.ManorSearchOnLive.MS_ByMonor_VerifyRecordsCreator"/>
</testsuite> <!-- discovery.ManorSearchOnLive.MS_ByMonor_VerifyRecordsCreator -->
