<?xml version="1.0" encoding="UTF-8"?>
<!-- Generated by org.testng.reporters.JUnitReportReporter -->
<testsuite skipped="0" hostname="PR020574" name="discovery.AdvancedSearchOnLive.AS_Reference_SearchAll" tests="1" failures="0" timestamp="16 Oct 2017 10:51:56 GMT" time="12.116" errors="0">
  <testcase name="Reference_SearchAll" time="12.116" classname="discovery.AdvancedSearchOnLive.AS_Reference_SearchAll"/>
</testsuite> <!-- discovery.AdvancedSearchOnLive.AS_Reference_SearchAll -->
