<?xml version="1.0" encoding="UTF-8"?>
<!-- Generated by org.testng.reporters.JUnitReportReporter -->
<testsuite skipped="0" hostname="PR020574" name="discovery.AdvancedSearchOnLive.AS_RecordCreator_CreatorType_CheckBox_Years" tests="1" failures="0" timestamp="16 Oct 2017 10:51:55 GMT" time="32.588" errors="0">
  <testcase name="CreatorType_CheckBox_Years" time="32.588" classname="discovery.AdvancedSearchOnLive.AS_RecordCreator_CreatorType_CheckBox_Years"/>
</testsuite> <!-- discovery.AdvancedSearchOnLive.AS_RecordCreator_CreatorType_CheckBox_Years -->
