<?xml version="1.0" encoding="UTF-8"?>
<!-- Generated by org.testng.reporters.JUnitReportReporter -->
<testsuite skipped="0" hostname="PR020574" name="discovery.BrowseOnTest.Records_Of_TNA" tests="1" failures="0" timestamp="21 May 2018 14:12:05 GMT" time="13.975" errors="0">
  <testcase name="browseRecords" time="13.975" classname="discovery.BrowseOnTest.Records_Of_TNA"/>
</testsuite> <!-- discovery.BrowseOnTest.Records_Of_TNA -->
