<?xml version="1.0" encoding="UTF-8"?>
<!-- Generated by org.testng.reporters.JUnitReportReporter -->
<testsuite skipped="0" hostname="PR020921" name="discovery.FileHandler.FH_MoveFile" tests="1" failures="0" timestamp="26 Sep 2017 11:15:18 GMT" time="24.509" errors="0">
  <testcase name="uploadfile" time="24.509" classname="discovery.FileHandler.FH_MoveFile"/>
</testsuite> <!-- discovery.FileHandler.FH_MoveFile -->
