<?xml version="1.0" encoding="UTF-8"?>
<!-- Generated by org.testng.reporters.JUnitReportReporter -->
<testsuite skipped="0" hostname="PR020574" name="discovery.DownlaodRecordOnTest.Veriy_DownloadOption_OnConfirmationPage" tests="1" failures="0" timestamp="21 May 2018 14:12:04 GMT" time="13.196" errors="0">
  <testcase name="verify_Download_OnConfirmationPage" time="13.196" classname="discovery.DownlaodRecordOnTest.Veriy_DownloadOption_OnConfirmationPage"/>
</testsuite> <!-- discovery.DownlaodRecordOnTest.Veriy_DownloadOption_OnConfirmationPage -->
