<?xml version="1.0" encoding="UTF-8"?>
<!-- Generated by org.testng.reporters.JUnitReportReporter -->
<testsuite skipped="0" hostname="PR020574" name="discovery.Sar.Sar_HO4051079FoiRequest" tests="1" failures="0" timestamp="21 May 2018 14:12:04 GMT" time="9.457" errors="0">
  <testcase name="HO4051079FoiRequest" time="9.457" classname="discovery.Sar.Sar_HO4051079FoiRequest"/>
</testsuite> <!-- discovery.Sar.Sar_HO4051079FoiRequest -->
