<?xml version="1.0" encoding="UTF-8"?>
<!-- Generated by org.testng.reporters.JUnitReportReporter -->
<testsuite skipped="0" hostname="PR020574" name="dicovery.DeliveryOption.AccessUnderReview" tests="1" failures="0" timestamp="21 May 2018 14:12:03 GMT" time="10.484" errors="0">
  <testcase name="accessUnderReview" time="10.484" classname="dicovery.DeliveryOption.AccessUnderReview"/>
</testsuite> <!-- dicovery.DeliveryOption.AccessUnderReview -->
