<?xml version="1.0" encoding="UTF-8"?>
<!-- Generated by org.testng.reporters.JUnitReportReporter -->
<testsuite skipped="0" hostname="PR020574" name="discovery.BasicSearchOnLive.BS_LessThan10000_ExportAllRecordCreatorsAsCSV" tests="1" failures="0" timestamp="16 Oct 2017 10:51:55 GMT" time="45.331" errors="0">
  <testcase name="ExportAllRecordCreatorsAsCSV" time="45.331" classname="discovery.BasicSearchOnLive.BS_LessThan10000_ExportAllRecordCreatorsAsCSV"/>
</testsuite> <!-- discovery.BasicSearchOnLive.BS_LessThan10000_ExportAllRecordCreatorsAsCSV -->
