<?xml version="1.0" encoding="UTF-8"?>
<!-- Generated by org.testng.reporters.JUnitReportReporter -->
<testsuite skipped="0" hostname="PR020574" name="discovery.BasicSearchOnLive.BS_GreaterThan10000_ExportFirst1000ASHTML" tests="1" failures="0" timestamp="16 Oct 2017 10:51:56 GMT" time="34.116" errors="0">
  <testcase name="ExportFirst1000ASHTML" time="34.116" classname="discovery.BasicSearchOnLive.BS_GreaterThan10000_ExportFirst1000ASHTML"/>
</testsuite> <!-- discovery.BasicSearchOnLive.BS_GreaterThan10000_ExportFirst1000ASHTML -->
