<?xml version="1.0" encoding="UTF-8"?>
<!-- Generated by org.testng.reporters.JUnitReportReporter -->
<testsuite skipped="0" hostname="PR020574" name="discovery.TagOnTest.StopListTag" tests="1" failures="0" timestamp="21 May 2018 14:12:04 GMT" time="22.508" errors="0">
  <testcase name="tag" time="22.508" classname="discovery.TagOnTest.StopListTag"/>
</testsuite> <!-- discovery.TagOnTest.StopListTag -->
