<?xml version="1.0" encoding="UTF-8"?>
<!-- Generated by org.testng.reporters.JUnitReportReporter -->
<testsuite skipped="0" hostname="PR020574" name="discovery.TagOnTest.AddTag" tests="1" failures="0" timestamp="21 May 2018 14:12:03 GMT" time="32.738" errors="0">
  <testcase name="tag" time="32.738" classname="discovery.TagOnTest.AddTag"/>
</testsuite> <!-- discovery.TagOnTest.AddTag -->
