<?xml version="1.0" encoding="UTF-8"?>
<!-- Generated by org.testng.reporters.JUnitReportReporter -->
<testsuite skipped="0" hostname="PR020921" name="com.Dicovery.SubscriptionMoDMedalResearchOffice" tests="1" failures="0" timestamp="18 Aug 2017 14:03:33 GMT" time="34.227" errors="0">
  <testcase name="SubscriptionMoDMedalResearchOffice" time="34.227" classname="com.Dicovery.SubscriptionMoDMedalResearchOffice"/>
</testsuite> <!-- com.Dicovery.SubscriptionMoDMedalResearchOffice -->
