<?xml version="1.0" encoding="UTF-8"?>
<!-- Generated by org.testng.reporters.JUnitReportReporter -->
<testsuite skipped="0" hostname="PR020574" name="discovery.TagOnLive.SelfTagRemovalRequestNoSignIn" tests="1" failures="0" timestamp="16 Oct 2017 10:51:55 GMT" time="11.184" errors="0">
  <testcase name="removalRequest" time="11.184" classname="discovery.TagOnLive.SelfTagRemovalRequestNoSignIn"/>
</testsuite> <!-- discovery.TagOnLive.SelfTagRemovalRequestNoSignIn -->
