<?xml version="1.0" encoding="UTF-8"?>
<!-- Generated by org.testng.reporters.JUnitReportReporter -->
<testsuite skipped="0" hostname="PR022381" name="discovery.BasicSearchOnTest.CreateAndDeleteAccount" tests="3" failures="0" timestamp="19 Sep 2017 14:25:02 GMT" time="60.177" errors="0">
  <testcase name="createAccount" time="25.924" classname="discovery.BasicSearchOnTest.CreateAndDeleteAccount"/>
  <testcase name="signin" time="14.167" classname="discovery.BasicSearchOnTest.CreateAndDeleteAccount"/>
  <testcase name="deleteAccoount" time="20.086" classname="discovery.BasicSearchOnTest.CreateAndDeleteAccount"/>
</testsuite> <!-- discovery.BasicSearchOnTest.CreateAndDeleteAccount -->
