<?xml version="1.0" encoding="UTF-8"?>
<!-- Generated by org.testng.reporters.JUnitReportReporter -->
<testsuite skipped="0" hostname="PR020574" name="cabinetPapersSearch.CabinetPapers_Document_descriptionOnly" tests="1" failures="0" timestamp="21 May 2018 14:12:05 GMT" time="10.919" errors="0">
  <testcase name="cabinetSearch" time="10.919" classname="cabinetPapersSearch.CabinetPapers_Document_descriptionOnly"/>
</testsuite> <!-- cabinetPapersSearch.CabinetPapers_Document_descriptionOnly -->
