<?xml version="1.0" encoding="UTF-8"?>
<!-- Generated by org.testng.reporters.JUnitReportReporter -->
<testsuite skipped="0" hostname="PR020921" name="ecommerce.Foi1939register" tests="1" failures="0" timestamp="08 Sep 2017 11:02:13 GMT" time="52.960" errors="0">
  <testcase name="Foi1939register" time="52.960" classname="ecommerce.Foi1939register"/>
</testsuite> <!-- ecommerce.Foi1939register -->
