<?xml version="1.0" encoding="UTF-8"?>
<!-- Generated by org.testng.reporters.JUnitReportReporter -->
<testsuite skipped="0" hostname="PR020574" name="dicovery.DeliveryOption.MissingLost" tests="1" failures="0" timestamp="21 May 2018 14:12:03 GMT" time="10.275" errors="0">
  <testcase name="missingLost" time="10.275" classname="dicovery.DeliveryOption.MissingLost"/>
</testsuite> <!-- dicovery.DeliveryOption.MissingLost -->
