<?xml version="1.0" encoding="UTF-8"?>
<!-- Generated by org.testng.reporters.JUnitReportReporter -->
<testsuite skipped="0" hostname="PR020574" name="discovery.BrowseOnLive.Records_Of_OtherArchives" tests="1" failures="0" timestamp="16 Oct 2017 10:51:55 GMT" time="17.312" errors="0">
  <testcase name="otherArchives" time="17.312" classname="discovery.BrowseOnLive.Records_Of_OtherArchives"/>
</testsuite> <!-- discovery.BrowseOnLive.Records_Of_OtherArchives -->
