<?xml version="1.0" encoding="UTF-8"?>
<!-- Generated by org.testng.reporters.JUnitReportReporter -->
<testsuite skipped="0" hostname="PR020574" name="discovery.Imageviewer.Verify_Image" tests="1" failures="0" timestamp="05 Oct 2017 10:15:56 GMT" time="10.533" errors="0">
  <testcase name="Verify_image" time="10.533" classname="discovery.Imageviewer.Verify_Image"/>
</testsuite> <!-- discovery.Imageviewer.Verify_Image -->
