<?xml version="1.0" encoding="UTF-8"?>
<!-- Generated by org.testng.reporters.JUnitReportReporter -->
<testsuite skipped="0" hostname="PR020921" name="sar.Sar_AB7190VisitTheDepartmentWebsite" tests="1" failures="0" timestamp="08 Sep 2017 11:02:12 GMT" time="9.957" errors="0">
  <testcase name="AB7190VisitTheDepartmentWebsite" time="9.957" classname="sar.Sar_AB7190VisitTheDepartmentWebsite"/>
</testsuite> <!-- sar.Sar_AB7190VisitTheDepartmentWebsite -->
