<?xml version="1.0" encoding="UTF-8"?>
<!-- Generated by org.testng.reporters.JUnitReportReporter -->
<testsuite skipped="0" hostname="PR020921" name="discovery.MYC.ValidationCheck_FondsWithNoStartAndEndDate" tests="1" failures="0" timestamp="11 Oct 2017 13:17:54 GMT" time="45.544" errors="0">
  <testcase name="validationcheck" time="45.544" classname="discovery.MYC.ValidationCheck_FondsWithNoStartAndEndDate"/>
</testsuite> <!-- discovery.MYC.ValidationCheck_FondsWithNoStartAndEndDate -->
