<?xml version="1.0" encoding="UTF-8"?>
<!-- Generated by org.testng.reporters.JUnitReportReporter -->
<testsuite skipped="0" hostname="PR020921" name="dicovery.Sar_LEV2226ZFoiRequest" tests="1" failures="0" timestamp="06 Sep 2017 13:03:02 GMT" time="9.421" errors="0">
  <testcase name="LEV2226ZFoiRequest" time="9.421" classname="dicovery.Sar_LEV2226ZFoiRequest"/>
</testsuite> <!-- dicovery.Sar_LEV2226ZFoiRequest -->
