<?xml version="1.0" encoding="UTF-8"?>
<!-- Generated by org.testng.reporters.JUnitReportReporter -->
<testsuite skipped="0" hostname="PR020921" name="discovery.Ecommerce.PlaceOrder" tests="1" failures="0" timestamp="06 Oct 2017 13:44:38 GMT" time="115.258" errors="0">
  <testcase name="PlacOrder" time="115.258" classname="discovery.Ecommerce.PlaceOrder"/>
</testsuite> <!-- discovery.Ecommerce.PlaceOrder -->
