<?xml version="1.0" encoding="UTF-8"?>
<!-- Generated by org.testng.reporters.JUnitReportReporter -->
<testsuite skipped="0" hostname="PR020921" name="sar.Sar_LEV2226ZFoiRequest" tests="1" failures="0" timestamp="08 Sep 2017 11:02:12 GMT" time="10.007" errors="0">
  <testcase name="LEV2226ZFoiRequest" time="10.007" classname="sar.Sar_LEV2226ZFoiRequest"/>
</testsuite> <!-- sar.Sar_LEV2226ZFoiRequest -->
