<?xml version="1.0" encoding="UTF-8"?>
<!-- Generated by org.testng.reporters.JUnitReportReporter -->
<testsuite skipped="0" hostname="PR020574" name="dicovery.DeliveryOption.DigitizedOther" tests="1" failures="0" timestamp="21 May 2018 14:12:03 GMT" time="10.184" errors="0">
  <testcase name="digitizedOther" time="10.184" classname="dicovery.DeliveryOption.DigitizedOther"/>
</testsuite> <!-- dicovery.DeliveryOption.DigitizedOther -->
