<?xml version="1.0" encoding="UTF-8"?>
<!-- Generated by org.testng.reporters.JUnitReportReporter -->
<testsuite skipped="0" hostname="PR020921" name="sar.Sar_RW33FQZFoiRequest" tests="1" failures="0" timestamp="08 Sep 2017 11:02:12 GMT" time="11.134" errors="0">
  <testcase name="RW33FQZFoiRequest" time="11.134" classname="sar.Sar_RW33FQZFoiRequest"/>
</testsuite> <!-- sar.Sar_RW33FQZFoiRequest -->
