<?xml version="1.0" encoding="UTF-8"?>
<!-- Generated by org.testng.reporters.JUnitReportReporter -->
<testsuite skipped="0" hostname="PR020921" name="dicovery.Sar_RW33FQZFoiRequest" tests="1" failures="0" timestamp="06 Sep 2017 13:03:02 GMT" time="9.547" errors="0">
  <testcase name="RW33FQZFoiRequest" time="9.547" classname="dicovery.Sar_RW33FQZFoiRequest"/>
</testsuite> <!-- dicovery.Sar_RW33FQZFoiRequest -->
