<?xml version="1.0" encoding="UTF-8"?>
<!-- Generated by org.testng.reporters.JUnitReportReporter -->
<testsuite skipped="0" hostname="PR020574" name="discovery.AdvancedSearchOnLive.AS_Search_Find_DontFindWord" tests="1" failures="0" timestamp="16 Oct 2017 10:51:56 GMT" time="16.007" errors="0">
  <testcase name="Find_DontFindWord" time="16.007" classname="discovery.AdvancedSearchOnLive.AS_Search_Find_DontFindWord"/>
</testsuite> <!-- discovery.AdvancedSearchOnLive.AS_Search_Find_DontFindWord -->
