<?xml version="1.0" encoding="UTF-8"?>
<!-- Generated by org.testng.reporters.JUnitReportReporter -->
<testsuite skipped="0" hostname="PR020574" name="discovery.TagOnLive.StopListTag" tests="1" failures="0" timestamp="16 Oct 2017 10:51:56 GMT" time="30.724" errors="0">
  <testcase name="tag" time="30.724" classname="discovery.TagOnLive.StopListTag"/>
</testsuite> <!-- discovery.TagOnLive.StopListTag -->
