<?xml version="1.0" encoding="UTF-8"?>
<!-- Generated by org.testng.reporters.JUnitReportReporter -->
<testsuite skipped="0" hostname="PR020574" name="discovery.SingleSignOnLive.SS_CreateAccount_ChangeEmail_ChangePassword_DeleteAccount" tests="1" failures="0" timestamp="16 Oct 2017 10:51:56 GMT" time="50.077" errors="0">
  <testcase name="CreateAccount_ChangeEmail_ChangePassword_DeleteAccount" time="50.077" classname="discovery.SingleSignOnLive.SS_CreateAccount_ChangeEmail_ChangePassword_DeleteAccount"/>
</testsuite> <!-- discovery.SingleSignOnLive.SS_CreateAccount_ChangeEmail_ChangePassword_DeleteAccount -->
