<?xml version="1.0" encoding="UTF-8"?>
<!-- Generated by org.testng.reporters.JUnitReportReporter -->
<testsuite skipped="0" hostname="PR020574" name="searchReords_API.Discovery_API_SearchRecords_Records" tests="1" failures="0" timestamp="21 May 2018 14:12:04 GMT" time="1.061" errors="0">
  <testcase name="verifySearchforRepositories" time="1.061" classname="searchReords_API.Discovery_API_SearchRecords_Records"/>
</testsuite> <!-- searchReords_API.Discovery_API_SearchRecords_Records -->
