<?xml version="1.0" encoding="UTF-8"?>
<!-- Generated by org.testng.reporters.JUnitReportReporter -->
<testsuite skipped="0" hostname="PR020574" name="discovery.DownlaodRecordOnLive.Veriy_DownloadOption_OnConfirmationPage" tests="1" failures="0" timestamp="16 Oct 2017 10:51:55 GMT" time="13.393" errors="0">
  <testcase name="verify_Download_OnConfirmationPage" time="13.393" classname="discovery.DownlaodRecordOnLive.Veriy_DownloadOption_OnConfirmationPage"/>
</testsuite> <!-- discovery.DownlaodRecordOnLive.Veriy_DownloadOption_OnConfirmationPage -->
