<?xml version="1.0" encoding="UTF-8"?>
<!-- Generated by org.testng.reporters.JUnitReportReporter -->
<testsuite skipped="0" hostname="PR020921" name="discovery.Tag.DeleteTag" tests="1" failures="0" timestamp="21 Sep 2017 14:10:22 GMT" time="23.360" errors="0">
  <testcase name="deleteTag" time="23.360" classname="discovery.Tag.DeleteTag"/>
</testsuite> <!-- discovery.Tag.DeleteTag -->
