<?xml version="1.0" encoding="UTF-8"?>
<!-- Generated by org.testng.reporters.JUnitReportReporter -->
<testsuite skipped="0" hostname="PR020574" name="discovery.DetailPageOnLive.Verify_DetailPage_OnAllLevels" tests="1" failures="0" timestamp="16 Oct 2017 10:51:55 GMT" time="55.615" errors="0">
  <testcase name="detailPgae" time="55.615" classname="discovery.DetailPageOnLive.Verify_DetailPage_OnAllLevels"/>
</testsuite> <!-- discovery.DetailPageOnLive.Verify_DetailPage_OnAllLevels -->
