<?xml version="1.0" encoding="UTF-8"?>
<!-- Generated by org.testng.reporters.JUnitReportReporter -->
<testsuite skipped="0" hostname="PR020574" name="discovery.FindAnAichiveOnTest.FA_HomeNation" tests="4" failures="0" timestamp="21 May 2018 14:12:05 GMT" time="69.529" errors="0">
  <testcase name="FourthHomeNation" time="16.781" classname="discovery.FindAnAichiveOnTest.FA_HomeNation"/>
  <testcase name="secondHomeNation" time="17.204" classname="discovery.FindAnAichiveOnTest.FA_HomeNation"/>
  <testcase name="ThirdHomeNation" time="19.214" classname="discovery.FindAnAichiveOnTest.FA_HomeNation"/>
  <testcase name="firstHomeNation" time="16.330" classname="discovery.FindAnAichiveOnTest.FA_HomeNation"/>
</testsuite> <!-- discovery.FindAnAichiveOnTest.FA_HomeNation -->
