<?xml version="1.0" encoding="UTF-8"?>
<!-- Generated by org.testng.reporters.JUnitReportReporter -->
<testsuite skipped="0" hostname="PR020574" name="discoveryAPI.Discovery_API_Collections" tests="1" failures="0" timestamp="28 Mar 2018 10:04:15 GMT" time="9.251" errors="0">
  <testcase name="verifyFileAuthority" time="9.251" classname="discoveryAPI.Discovery_API_Collections"/>
</testsuite> <!-- discoveryAPI.Discovery_API_Collections -->
