<?xml version="1.0" encoding="UTF-8"?>
<!-- Generated by org.testng.reporters.JUnitReportReporter -->
<testsuite skipped="0" hostname="PR020574" name="discovery.BookmarkOnLive.Bookmark_add_Rename_Delete" tests="1" failures="0" timestamp="16 Oct 2017 10:51:55 GMT" time="41.724" errors="0">
  <testcase name="bookmark_add" time="41.724" classname="discovery.BookmarkOnLive.Bookmark_add_Rename_Delete"/>
</testsuite> <!-- discovery.BookmarkOnLive.Bookmark_add_Rename_Delete -->
