<?xml version="1.0" encoding="UTF-8"?>
<!-- Generated by org.testng.reporters.JUnitReportReporter -->
<testsuite skipped="0" hostname="PR020574" name="discovery.TagOnTest.SelfTagRemovalRequestNoSignIn" tests="1" failures="0" timestamp="21 May 2018 14:12:05 GMT" time="12.293" errors="0">
  <testcase name="removalRequest" time="12.293" classname="discovery.TagOnTest.SelfTagRemovalRequestNoSignIn"/>
</testsuite> <!-- discovery.TagOnTest.SelfTagRemovalRequestNoSignIn -->
