<?xml version="1.0" encoding="UTF-8"?>
<!-- Generated by org.testng.reporters.JUnitReportReporter -->
<testsuite skipped="0" hostname="PR020574" name="discovery.Subscription.SubscriptionMoDMedalResearchOffice" tests="1" failures="0" timestamp="21 May 2018 14:12:04 GMT" time="36.061" errors="0">
  <testcase name="SubscriptionMoDMedalResearchOffice" time="36.061" classname="discovery.Subscription.SubscriptionMoDMedalResearchOffice"/>
</testsuite> <!-- discovery.Subscription.SubscriptionMoDMedalResearchOffice -->
