<?xml version="1.0" encoding="UTF-8"?>
<!-- Generated by org.testng.reporters.JUnitReportReporter -->
<testsuite skipped="0" hostname="PR020907" name="discovery.DownlaodRecordOnTest.Veriy_DownloadOption_ForStaff" tests="1" failures="0" timestamp="27 Oct 2017 13:20:25 GMT" time="39.495" errors="0">
  <testcase name="verify_Download_ForStaff" time="39.495" classname="discovery.DownlaodRecordOnTest.Veriy_DownloadOption_ForStaff"/>
</testsuite> <!-- discovery.DownlaodRecordOnTest.Veriy_DownloadOption_ForStaff -->
