<?xml version="1.0" encoding="UTF-8"?>
<!-- Generated by org.testng.reporters.JUnitReportReporter -->
<testsuite skipped="0" hostname="PR020574" name="discovery.FindAnAichiveOnTest.FA_ChooseRegion" tests="3" failures="0" timestamp="21 May 2018 14:12:04 GMT" time="79.301" errors="0">
  <testcase name="region" time="23.174" classname="discovery.FindAnAichiveOnTest.FA_ChooseRegion"/>
  <testcase name="region2" time="21.344" classname="discovery.FindAnAichiveOnTest.FA_ChooseRegion"/>
  <testcase name="region3" time="34.783" classname="discovery.FindAnAichiveOnTest.FA_ChooseRegion"/>
</testsuite> <!-- discovery.FindAnAichiveOnTest.FA_ChooseRegion -->
