<?xml version="1.0" encoding="UTF-8"?>
<!-- Generated by org.testng.reporters.JUnitReportReporter -->
<testsuite skipped="0" hostname="PR020574" name="discovery.BasicSearchOnLive.BS_LessThan10000_SortedBy_Alldropdowns" tests="1" failures="0" timestamp="16 Oct 2017 10:51:56 GMT" time="46.049" errors="0">
  <testcase name="SortedBy_Alldropdowns" time="46.049" classname="discovery.BasicSearchOnLive.BS_LessThan10000_SortedBy_Alldropdowns"/>
</testsuite> <!-- discovery.BasicSearchOnLive.BS_LessThan10000_SortedBy_Alldropdowns -->
