<?xml version="1.0" encoding="UTF-8"?>
<!-- Generated by org.testng.reporters.JUnitReportReporter -->
<testsuite skipped="0" hostname="PR020574" name="dicovery.DeliveryOption.GovtWebArchive" tests="1" failures="0" timestamp="21 May 2018 14:12:04 GMT" time="10.340" errors="0">
  <testcase name="govtWebArchive" time="10.340" classname="dicovery.DeliveryOption.GovtWebArchive"/>
</testsuite> <!-- dicovery.DeliveryOption.GovtWebArchive -->
