<?xml version="1.0" encoding="UTF-8"?>
<!-- Generated by org.testng.reporters.JUnitReportReporter -->
<testsuite skipped="0" hostname="PR020574" name="discovery.AdvancedSearchOnLive.AS_Records_SearchTheNA_CatalogueLevel" tests="1" failures="0" timestamp="16 Oct 2017 10:51:56 GMT" time="30.361" errors="0">
  <testcase name="SearchTheNA_CatalogueLevel" time="30.361" classname="discovery.AdvancedSearchOnLive.AS_Records_SearchTheNA_CatalogueLevel"/>
</testsuite> <!-- discovery.AdvancedSearchOnLive.AS_Records_SearchTheNA_CatalogueLevel -->
