<?xml version="1.0" encoding="UTF-8"?>
<!-- Generated by org.testng.reporters.JUnitReportReporter -->
<testsuite skipped="0" hostname="PR020574" name="discovery.BasicSearchOnLive.BS_LessThan10000_Export1000RecordsAsXML" tests="1" failures="0" timestamp="16 Oct 2017 10:51:55 GMT" time="43.739" errors="0">
  <testcase name="Export1000RecordsAsXML" time="43.739" classname="discovery.BasicSearchOnLive.BS_LessThan10000_Export1000RecordsAsXML"/>
</testsuite> <!-- discovery.BasicSearchOnLive.BS_LessThan10000_Export1000RecordsAsXML -->
