<?xml version="1.0" encoding="UTF-8"?>
<!-- Generated by org.testng.reporters.JUnitReportReporter -->
<testsuite skipped="0" hostname="PR020574" name="discovery.FindAnAichiveOnTest.FA_Export1000RecordsAsXML" tests="1" failures="0" timestamp="21 May 2018 14:12:04 GMT" time="33.677" errors="0">
  <testcase name="Export1000RecordsAsXML" time="33.677" classname="discovery.FindAnAichiveOnTest.FA_Export1000RecordsAsXML"/>
</testsuite> <!-- discovery.FindAnAichiveOnTest.FA_Export1000RecordsAsXML -->
