<?xml version="1.0" encoding="UTF-8"?>
<!-- Generated by org.testng.reporters.JUnitReportReporter -->
<testsuite skipped="0" hostname="PR020921" name="discovery.SingleSignOnLive.SingleSingOn_ForgttenPassword" tests="1" failures="0" timestamp="21 Sep 2017 15:03:16 GMT" time="8.620" errors="0">
  <testcase name="forgotten_Password" time="8.620" classname="discovery.SingleSignOnLive.SingleSingOn_ForgttenPassword"/>
</testsuite> <!-- discovery.SingleSignOnLive.SingleSingOn_ForgttenPassword -->
