<?xml version="1.0" encoding="UTF-8"?>
<!-- Generated by org.testng.reporters.JUnitReportReporter -->
<testsuite skipped="0" hostname="PR020907" name="discovery.BasicSearchOnTest.BS_GreaterThan10000_ExportFirst1000ASHTML" tests="1" failures="0" timestamp="27 Oct 2017 13:20:25 GMT" time="39.769" errors="0">
  <testcase name="ExportFirst1000ASHTML" time="39.769" classname="discovery.BasicSearchOnTest.BS_GreaterThan10000_ExportFirst1000ASHTML"/>
</testsuite> <!-- discovery.BasicSearchOnTest.BS_GreaterThan10000_ExportFirst1000ASHTML -->
