<?xml version="1.0" encoding="UTF-8"?>
<!-- Generated by org.testng.reporters.JUnitReportReporter -->
<testsuite skipped="0" hostname="PR020921" name="discovery.SingleSignOnLive.CreateAccount_ChangeEmail_changePassword_DeleteAccount" tests="1" failures="0" timestamp="22 Sep 2017 09:35:11 GMT" time="23.734" errors="0">
  <testcase name="CreateAccount" time="23.734" classname="discovery.SingleSignOnLive.CreateAccount_ChangeEmail_changePassword_DeleteAccount"/>
</testsuite> <!-- discovery.SingleSignOnLive.CreateAccount_ChangeEmail_changePassword_DeleteAccount -->
