<?xml version="1.0" encoding="UTF-8"?>
<!-- Generated by org.testng.reporters.JUnitReportReporter -->
<testsuite skipped="0" hostname="PR020574" name="records_API.Discovery_API_Records_Children_parentID" tests="1" failures="0" timestamp="21 May 2018 14:12:04 GMT" time="0.223" errors="0">
  <testcase name="verifyRecords_Details" time="0.223" classname="records_API.Discovery_API_Records_Children_parentID"/>
</testsuite> <!-- records_API.Discovery_API_Records_Children_parentID -->
