<?xml version="1.0" encoding="UTF-8"?>
<!-- Generated by org.testng.reporters.JUnitReportReporter -->
<testsuite skipped="0" hostname="PR020574" name="discovery.SingleSignOnTest.SS_clickRegisterwithInvalidPassword" tests="1" failures="0" timestamp="21 May 2018 14:12:03 GMT" time="11.584" errors="0">
  <testcase name="clickRegisterwithInvalidPassword" time="11.584" classname="discovery.SingleSignOnTest.SS_clickRegisterwithInvalidPassword"/>
</testsuite> <!-- discovery.SingleSignOnTest.SS_clickRegisterwithInvalidPassword -->
