<?xml version="1.0" encoding="UTF-8"?>
<!-- Generated by org.testng.reporters.JUnitReportReporter -->
<testsuite skipped="0" hostname="PR020574" name="discovery.DetailPageOnTest.DetailPage_CouldThisPageBeImproved_Yes" tests="1" failures="0" timestamp="21 May 2018 14:12:04 GMT" time="9.127" errors="0">
  <testcase name="DetailPage_CouldThisPageBeImproved_Yes" time="9.127" classname="discovery.DetailPageOnTest.DetailPage_CouldThisPageBeImproved_Yes"/>
</testsuite> <!-- discovery.DetailPageOnTest.DetailPage_CouldThisPageBeImproved_Yes -->
