<?xml version="1.0" encoding="UTF-8"?>
<!-- Generated by org.testng.reporters.JUnitReportReporter -->
<testsuite skipped="0" hostname="PR020921" name="dicovery.Sar_DPP23289FoiRequest" tests="1" failures="0" timestamp="06 Sep 2017 13:03:03 GMT" time="8.972" errors="0">
  <testcase name="DPP23289FoiRequest" time="8.972" classname="dicovery.Sar_DPP23289FoiRequest"/>
</testsuite> <!-- dicovery.Sar_DPP23289FoiRequest -->
