<?xml version="1.0" encoding="UTF-8"?>
<!-- Generated by org.testng.reporters.JUnitReportReporter -->
<testsuite skipped="0" hostname="PR020921" name="discovery.Bookmark.Bookmark_add" tests="1" failures="0" timestamp="21 Sep 2017 14:43:05 GMT" time="16.831" errors="0">
  <testcase name="bookmark_add" time="16.831" classname="discovery.Bookmark.Bookmark_add"/>
</testsuite> <!-- discovery.Bookmark.Bookmark_add -->
