<?xml version="1.0" encoding="UTF-8"?>
<!-- Generated by org.testng.reporters.JUnitReportReporter -->
<testsuite skipped="0" hostname="PR020921" name="ecommerce.Dsa1939registerClickYes" tests="1" failures="0" timestamp="08 Sep 2017 11:02:13 GMT" time="61.774" errors="0">
  <testcase name="Dsa1939registerClickYes" time="61.774" classname="ecommerce.Dsa1939registerClickYes"/>
</testsuite> <!-- ecommerce.Dsa1939registerClickYes -->
