<?xml version="1.0" encoding="UTF-8"?>
<!-- Generated by org.testng.reporters.JUnitReportReporter -->
<testsuite skipped="0" hostname="PR020921" name="discovery.Ecommerce.PageCheckRequest" tests="1" failures="0" timestamp="06 Oct 2017 15:47:04 GMT" time="73.692" errors="0">
  <testcase name="PageCheckRequestACopy" time="73.692" classname="discovery.Ecommerce.PageCheckRequest"/>
</testsuite> <!-- discovery.Ecommerce.PageCheckRequest -->
