<?xml version="1.0" encoding="UTF-8"?>
<!-- Generated by org.testng.reporters.JUnitReportReporter -->
<testsuite skipped="0" hostname="PR020574" name="discovery.FindAnAichiveOnTest.FA_UsingMap" tests="2" failures="0" timestamp="21 May 2018 14:12:04 GMT" time="43.511" errors="0">
  <testcase name="usingmap" time="17.712" classname="discovery.FindAnAichiveOnTest.FA_UsingMap"/>
  <testcase name="BrowseCountryname2" time="25.799" classname="discovery.FindAnAichiveOnTest.FA_UsingMap"/>
</testsuite> <!-- discovery.FindAnAichiveOnTest.FA_UsingMap -->
