<?xml version="1.0" encoding="UTF-8"?>
<!-- Generated by org.testng.reporters.JUnitReportReporter -->
<testsuite skipped="0" hostname="PR020574" name="dicovery.DeliveryOption.OrderOriginal" tests="1" failures="0" timestamp="21 May 2018 14:12:05 GMT" time="10.388" errors="0">
  <testcase name="OrderOriginal" time="10.388" classname="dicovery.DeliveryOption.OrderOriginal"/>
</testsuite> <!-- dicovery.DeliveryOption.OrderOriginal -->
