<?xml version="1.0" encoding="UTF-8"?>
<!-- Generated by org.testng.reporters.JUnitReportReporter -->
<testsuite skipped="0" hostname="PR020574" name="discovery.DetailPageOnLive.DetailPage_ErrorOnRecordDescription" tests="1" failures="0" timestamp="16 Oct 2017 10:51:56 GMT" time="13.034" errors="0">
  <testcase name="DetailPage_ErrorOnRecordDescription" time="13.034" classname="discovery.DetailPageOnLive.DetailPage_ErrorOnRecordDescription"/>
</testsuite> <!-- discovery.DetailPageOnLive.DetailPage_ErrorOnRecordDescription -->
