<?xml version="1.0" encoding="UTF-8"?>
<!-- Generated by org.testng.reporters.JUnitReportReporter -->
<testsuite skipped="0" hostname="PR020921" name="discovery.SingleSignOn.SingleSingOn_ForgttenPassword" tests="1" failures="0" timestamp="21 Sep 2017 10:21:27 GMT" time="12.609" errors="0">
  <testcase name="forgotten_Password" time="12.609" classname="discovery.SingleSignOn.SingleSingOn_ForgttenPassword"/>
</testsuite> <!-- discovery.SingleSignOn.SingleSingOn_ForgttenPassword -->
