<?xml version="1.0" encoding="UTF-8"?>
<!-- Generated by org.testng.reporters.JUnitReportReporter -->
<testsuite skipped="0" hostname="PR020921" name="discovery.Tag.SelfTagRemovalRequestNoSignIn" tests="1" failures="0" timestamp="21 Sep 2017 14:11:22 GMT" time="12.271" errors="0">
  <testcase name="removalRequest" time="12.271" classname="discovery.Tag.SelfTagRemovalRequestNoSignIn"/>
</testsuite> <!-- discovery.Tag.SelfTagRemovalRequestNoSignIn -->
