<?xml version="1.0" encoding="UTF-8"?>
<!-- Generated by org.testng.reporters.JUnitReportReporter -->
<testsuite skipped="0" hostname="PR020921" name="discovery.AdvancedSearchOnTest.AS_Records_SearchTheTNA_Reference_IncludeContent" tests="1" failures="0" timestamp="22 May 2018 14:42:47 GMT" time="35.581" errors="0">
  <testcase name="SearchTheTNA_Reference_IncludeContent" time="35.581" classname="discovery.AdvancedSearchOnTest.AS_Records_SearchTheTNA_Reference_IncludeContent"/>
</testsuite> <!-- discovery.AdvancedSearchOnTest.AS_Records_SearchTheTNA_Reference_IncludeContent -->
