<?xml version="1.0" encoding="UTF-8"?>
<!-- Generated by org.testng.reporters.JUnitReportReporter -->
<testsuite skipped="0" hostname="PR020574" name="dicovery.DeliveryOption.Unfit" tests="1" failures="0" timestamp="21 May 2018 14:12:04 GMT" time="13.713" errors="0">
  <testcase name="unfit" time="13.713" classname="dicovery.DeliveryOption.Unfit"/>
</testsuite> <!-- dicovery.DeliveryOption.Unfit -->
