<?xml version="1.0" encoding="UTF-8"?>
<!-- Generated by org.testng.reporters.JUnitReportReporter -->
<testsuite skipped="0" hostname="PR020921" name="dicovery.DigitizedDiscoveryForSurrogate" tests="1" failures="0" timestamp="08 Sep 2017 11:02:12 GMT" time="20.209" errors="0">
  <testcase name="DigitizedDiscoveryForSurrogate" time="20.209" classname="dicovery.DigitizedDiscoveryForSurrogate"/>
</testsuite> <!-- dicovery.DigitizedDiscoveryForSurrogate -->
