<?xml version="1.0" encoding="UTF-8"?>
<!-- Generated by org.testng.reporters.JUnitReportReporter -->
<testsuite skipped="0" hostname="PR020921" name="dicovery.digitizedDiscovery" tests="1" failures="0" timestamp="08 Sep 2017 11:02:12 GMT" time="16.582" errors="0">
  <testcase name="digitizedDiscovery" time="16.582" classname="dicovery.digitizedDiscovery"/>
</testsuite> <!-- dicovery.digitizedDiscovery -->
