<?xml version="1.0" encoding="UTF-8"?>
<!-- Generated by org.testng.reporters.JUnitReportReporter -->
<testsuite skipped="0" hostname="PR020921" name="discovery.MYC.ValidationCheck_Sub_Series" tests="1" failures="0" timestamp="11 Oct 2017 10:52:24 GMT" time="32.680" errors="0">
  <testcase name="validationcheck" time="32.680" classname="discovery.MYC.ValidationCheck_Sub_Series"/>
</testsuite> <!-- discovery.MYC.ValidationCheck_Sub_Series -->
