<?xml version="1.0" encoding="UTF-8"?>
<!-- Generated by org.testng.reporters.JUnitReportReporter -->
<testsuite skipped="0" hostname="PR020921" name="discovery.SingleSignOnLive.CreateAccount_ChangeEmail_DeleteAccount" tests="1" failures="0" timestamp="22 Sep 2017 09:43:14 GMT" time="29.392" errors="0">
  <testcase name="CreateAccount" time="29.392" classname="discovery.SingleSignOnLive.CreateAccount_ChangeEmail_DeleteAccount"/>
</testsuite> <!-- discovery.SingleSignOnLive.CreateAccount_ChangeEmail_DeleteAccount -->
