<?xml version="1.0" encoding="UTF-8"?>
<!-- Generated by org.testng.reporters.JUnitReportReporter -->
<testsuite skipped="0" hostname="PR020921" name="discovery.MYC.ValidationCheck_FondsWithNoReference" tests="1" failures="0" timestamp="11 Oct 2017 13:11:27 GMT" time="36.409" errors="0">
  <testcase name="validationcheck" time="36.409" classname="discovery.MYC.ValidationCheck_FondsWithNoReference"/>
</testsuite> <!-- discovery.MYC.ValidationCheck_FondsWithNoReference -->
