<?xml version="1.0" encoding="UTF-8"?>
<!-- Generated by org.testng.reporters.JUnitReportReporter -->
<testsuite skipped="0" hostname="PR020574" name="discovery.SingleSignOnLive.SS_ForgttenPassword" tests="1" failures="0" timestamp="16 Oct 2017 10:51:56 GMT" time="7.770" errors="0">
  <testcase name="forgotten_Password" time="7.770" classname="discovery.SingleSignOnLive.SS_ForgttenPassword"/>
</testsuite> <!-- discovery.SingleSignOnLive.SS_ForgttenPassword -->
