<?xml version="1.0" encoding="UTF-8"?>
<!-- Generated by org.testng.reporters.JUnitReportReporter -->
<testsuite skipped="0" hostname="PR020574" name="discovery.BrowseOnTest.Browse_Archives" tests="1" failures="0" timestamp="21 May 2018 14:12:05 GMT" time="15.690" errors="0">
  <testcase name="Browse_Archives" time="15.690" classname="discovery.BrowseOnTest.Browse_Archives"/>
</testsuite> <!-- discovery.BrowseOnTest.Browse_Archives -->
