<?xml version="1.0" encoding="UTF-8"?>
<!-- Generated by org.testng.reporters.JUnitReportReporter -->
<testsuite skipped="0" hostname="PR020921" name="discovery.Ecommerce.Dsa1939registerClickNo" tests="1" failures="0" timestamp="05 Jun 2018 10:22:05 GMT" time="123.138" errors="0">
  <testcase name="Dsa1939registerClickNo" time="123.138" classname="discovery.Ecommerce.Dsa1939registerClickNo"/>
</testsuite> <!-- discovery.Ecommerce.Dsa1939registerClickNo -->
