<?xml version="1.0" encoding="UTF-8"?>
<!-- Generated by org.testng.reporters.JUnitReportReporter -->
<testsuite skipped="0" hostname="PR020574" name="discovery.AdvancedSearchOnLive.AS_Records_SpecificDate_SearchAll" tests="1" failures="0" timestamp="16 Oct 2017 10:51:55 GMT" time="32.694" errors="0">
  <testcase name="SpecificDate_SearchAll" time="32.694" classname="discovery.AdvancedSearchOnLive.AS_Records_SpecificDate_SearchAll"/>
</testsuite> <!-- discovery.AdvancedSearchOnLive.AS_Records_SpecificDate_SearchAll -->
