<?xml version="1.0" encoding="UTF-8"?>
<!-- Generated by org.testng.reporters.JUnitReportReporter -->
<testsuite skipped="0" hostname="PR020921" name="discovery.AdvancedSearchOnTest.AS_Search_Find_DontFindWord" tests="1" failures="0" timestamp="22 May 2018 14:42:47 GMT" time="21.564" errors="0">
  <testcase name="Find_DontFindWord" time="21.564" classname="discovery.AdvancedSearchOnTest.AS_Search_Find_DontFindWord"/>
</testsuite> <!-- discovery.AdvancedSearchOnTest.AS_Search_Find_DontFindWord -->
