<?xml version="1.0" encoding="UTF-8"?>
<!-- Generated by org.testng.reporters.JUnitReportReporter -->
<testsuite skipped="0" hostname="PR020574" name="fileauthorities_API.Discovery_API_Flieauthorities" tests="1" failures="0" timestamp="21 May 2018 14:12:05 GMT" time="0.417" errors="0">
  <testcase name="verifyFileAuthority" time="0.417" classname="fileauthorities_API.Discovery_API_Flieauthorities"/>
</testsuite> <!-- fileauthorities_API.Discovery_API_Flieauthorities -->
