<?xml version="1.0" encoding="UTF-8"?>
<!-- Generated by org.testng.reporters.JUnitReportReporter -->
<testsuite skipped="0" hostname="PR020574" name="discovery.Sar.Sar_LEV2226ZFoiRequest" tests="1" failures="0" timestamp="21 May 2018 14:12:05 GMT" time="10.110" errors="0">
  <testcase name="LEV2226ZFoiRequest" time="10.110" classname="discovery.Sar.Sar_LEV2226ZFoiRequest"/>
</testsuite> <!-- discovery.Sar.Sar_LEV2226ZFoiRequest -->
