<?xml version="1.0" encoding="UTF-8"?>
<!-- Generated by org.testng.reporters.JUnitReportReporter -->
<testsuite skipped="0" hostname="PR020921" name="dicovery.Sar_CAB1343025Retention" tests="1" failures="0" timestamp="06 Sep 2017 13:03:03 GMT" time="8.637" errors="0">
  <testcase name="CAB1343025Retention" time="8.637" classname="dicovery.Sar_CAB1343025Retention"/>
</testsuite> <!-- dicovery.Sar_CAB1343025Retention -->
