<?xml version="1.0" encoding="UTF-8"?>
<!-- Generated by org.testng.reporters.JUnitReportReporter -->
<testsuite skipped="0" hostname="PR020921" name="discovery.DetailPageOnTest.Verify_DetailPage_OnSeriesLevel_SearchWithin" tests="1" failures="0" timestamp="12 Mar 2018 16:47:58 GMT" time="15.128" errors="0">
  <testcase name="series_Serach" time="15.128" classname="discovery.DetailPageOnTest.Verify_DetailPage_OnSeriesLevel_SearchWithin"/>
</testsuite> <!-- discovery.DetailPageOnTest.Verify_DetailPage_OnSeriesLevel_SearchWithin -->
