<?xml version="1.0" encoding="UTF-8"?>
<!-- Generated by org.testng.reporters.JUnitReportReporter -->
<testsuite skipped="0" hostname="PR020574" name="discovery.SingleSignOnLive.SS_clickRegisterwithInvalidPassword" tests="1" failures="0" timestamp="16 Oct 2017 10:51:56 GMT" time="13.660" errors="0">
  <testcase name="clickRegisterwithInvalidPassword" time="13.660" classname="discovery.SingleSignOnLive.SS_clickRegisterwithInvalidPassword"/>
</testsuite> <!-- discovery.SingleSignOnLive.SS_clickRegisterwithInvalidPassword -->
