<?xml version="1.0" encoding="UTF-8"?>
<!-- Generated by org.testng.reporters.JUnitReportReporter -->
<testsuite skipped="0" hostname="PR020574" name="discovery.DetailPageOnTest.DetailPage_ShowImages" tests="1" failures="0" timestamp="21 May 2018 14:12:04 GMT" time="8.258" errors="0">
  <testcase name="DetailPage_ShowImages" time="8.258" classname="discovery.DetailPageOnTest.DetailPage_ShowImages"/>
</testsuite> <!-- discovery.DetailPageOnTest.DetailPage_ShowImages -->
