<?xml version="1.0" encoding="UTF-8"?>
<!-- Generated by org.testng.reporters.JUnitReportReporter -->
<testsuite skipped="0" hostname="PR020574" name="discovery.BrowseOnLive.Record_Creators" tests="1" failures="0" timestamp="16 Oct 2017 10:51:56 GMT" time="21.926" errors="0">
  <testcase name="recordCreators" time="21.926" classname="discovery.BrowseOnLive.Record_Creators"/>
</testsuite> <!-- discovery.BrowseOnLive.Record_Creators -->
