<?xml version="1.0" encoding="UTF-8"?>
<!-- Generated by org.testng.reporters.JUnitReportReporter -->
<testsuite skipped="0" hostname="PR020574" name="discovery.TagOnLive.AddTag" tests="1" failures="0" timestamp="16 Oct 2017 10:51:55 GMT" time="40.894" errors="0">
  <testcase name="tag" time="40.894" classname="discovery.TagOnLive.AddTag"/>
</testsuite> <!-- discovery.TagOnLive.AddTag -->
