<?xml version="1.0" encoding="UTF-8"?>
<!-- Generated by org.testng.reporters.JUnitReportReporter -->
<testsuite skipped="0" hostname="PR020574" name="dicovery.DeliveryOption.InvigilationSafeRoom" tests="1" failures="0" timestamp="21 May 2018 14:12:04 GMT" time="13.472" errors="0">
  <testcase name="invigilationSafeRoom" time="13.472" classname="dicovery.DeliveryOption.InvigilationSafeRoom"/>
</testsuite> <!-- dicovery.DeliveryOption.InvigilationSafeRoom -->
