<?xml version="1.0" encoding="UTF-8"?>
<!-- Generated by org.testng.reporters.JUnitReportReporter -->
<testsuite skipped="0" hostname="PR020574" name="discovery.BasicSearchOnLive.BS_VerifyTotalNoOfRecordsEachGreaterThan" tests="1" failures="0" timestamp="16 Oct 2017 10:51:55 GMT" time="39.619" errors="0">
  <testcase name="openUrl" time="39.619" classname="discovery.BasicSearchOnLive.BS_VerifyTotalNoOfRecordsEachGreaterThan"/>
</testsuite> <!-- discovery.BasicSearchOnLive.BS_VerifyTotalNoOfRecordsEachGreaterThan -->
