<?xml version="1.0" encoding="UTF-8"?>
<!-- Generated by org.testng.reporters.JUnitReportReporter -->
<testsuite skipped="0" hostname="PR020574" name="discovery.DownlaodRecordOnLive.Veriy_DownloadOption_InAccount" tests="1" failures="0" timestamp="16 Oct 2017 10:51:55 GMT" time="16.777" errors="0">
  <testcase name="verify_Download_InAccount" time="16.777" classname="discovery.DownlaodRecordOnLive.Veriy_DownloadOption_InAccount"/>
</testsuite> <!-- discovery.DownlaodRecordOnLive.Veriy_DownloadOption_InAccount -->
