<?xml version="1.0" encoding="UTF-8"?>
<!-- Generated by org.testng.reporters.JUnitReportReporter -->
<testsuite skipped="0" hostname="PR020921" name="discovery.SingleSignOnLive.CreateAccount_ChangePassword" tests="1" failures="0" timestamp="21 Sep 2017 15:30:02 GMT" time="12.501" errors="0">
  <testcase name="signin" time="12.501" classname="discovery.SingleSignOnLive.CreateAccount_ChangePassword"/>
</testsuite> <!-- discovery.SingleSignOnLive.CreateAccount_ChangePassword -->
