<?xml version="1.0" encoding="UTF-8"?>
<!-- Generated by org.testng.reporters.JUnitReportReporter -->
<testsuite skipped="0" hostname="PR020574" name="discovery.FindAnAichiveOnLive.FA_ExportAllRecordsAsCSV" tests="1" failures="0" timestamp="16 Oct 2017 10:51:55 GMT" time="35.113" errors="0">
  <testcase name="ExportAllRecordsAsCSV" time="35.113" classname="discovery.FindAnAichiveOnLive.FA_ExportAllRecordsAsCSV"/>
</testsuite> <!-- discovery.FindAnAichiveOnLive.FA_ExportAllRecordsAsCSV -->
