<?xml version="1.0" encoding="UTF-8"?>
<!-- Generated by org.testng.reporters.JUnitReportReporter -->
<testsuite skipped="0" hostname="PR020574" name="discovery.DetailPageOnTest.Verify_DetailPage_OnAllLevels" tests="1" failures="0" timestamp="21 May 2018 14:12:03 GMT" time="61.638" errors="0">
  <testcase name="detailPgae" time="61.638" classname="discovery.DetailPageOnTest.Verify_DetailPage_OnAllLevels"/>
</testsuite> <!-- discovery.DetailPageOnTest.Verify_DetailPage_OnAllLevels -->
