<?xml version="1.0" encoding="UTF-8"?>
<!-- Generated by org.testng.reporters.JUnitReportReporter -->
<testsuite skipped="0" hostname="PR020574" name="discovery.DetailPageOnTest.DetailPage_CouldThisPageBeImproved_NO" tests="1" failures="0" timestamp="21 May 2018 14:12:05 GMT" time="8.782" errors="0">
  <testcase name="DetailPage_CouldThisPageBeImproved_NO" time="8.782" classname="discovery.DetailPageOnTest.DetailPage_CouldThisPageBeImproved_NO"/>
</testsuite> <!-- discovery.DetailPageOnTest.DetailPage_CouldThisPageBeImproved_NO -->
