<?xml version="1.0" encoding="UTF-8"?>
<!-- Generated by org.testng.reporters.JUnitReportReporter -->
<testsuite skipped="0" hostname="PR020921" name="discovery.MYC_ValidValues.ValidationCheck_Series" tests="1" failures="0" timestamp="11 Oct 2017 14:18:59 GMT" time="35.689" errors="0">
  <testcase name="validationcheck" time="35.689" classname="discovery.MYC_ValidValues.ValidationCheck_Series"/>
</testsuite> <!-- discovery.MYC_ValidValues.ValidationCheck_Series -->
