<?xml version="1.0" encoding="UTF-8"?>
<!-- Generated by org.testng.reporters.JUnitReportReporter -->
<testsuite skipped="0" hostname="PR020921" name="discovery.SingleSignOn.CreateAccount_clickRegisterwithInvalidPassword" tests="1" failures="0" timestamp="21 Sep 2017 09:49:02 GMT" time="11.495" errors="0">
  <testcase name="clickRegisterwithEmptyFields" time="11.495" classname="discovery.SingleSignOn.CreateAccount_clickRegisterwithInvalidPassword"/>
</testsuite> <!-- discovery.SingleSignOn.CreateAccount_clickRegisterwithInvalidPassword -->
