<?xml version="1.0" encoding="UTF-8"?>
<!-- Generated by org.testng.reporters.JUnitReportReporter -->
<testsuite skipped="0" hostname="PR020574" name="discovery.TagOnTest.DuplicateAddTag" tests="1" failures="0" timestamp="21 May 2018 14:12:04 GMT" time="24.407" errors="0">
  <testcase name="tag" time="24.407" classname="discovery.TagOnTest.DuplicateAddTag"/>
</testsuite> <!-- discovery.TagOnTest.DuplicateAddTag -->
