<?xml version="1.0" encoding="UTF-8"?>
<!-- Generated by org.testng.reporters.JUnitReportReporter -->
<testsuite skipped="0" hostname="PR020921" name="discovery.MYC_InvalidValues.ValidationCheck_FondsWithNoStartAndEndDate" tests="1" failures="0" timestamp="11 Oct 2017 14:30:57 GMT" time="45.220" errors="0">
  <testcase name="validationcheck" time="45.220" classname="discovery.MYC_InvalidValues.ValidationCheck_FondsWithNoStartAndEndDate"/>
</testsuite> <!-- discovery.MYC_InvalidValues.ValidationCheck_FondsWithNoStartAndEndDate -->
