<?xml version="1.0" encoding="UTF-8"?>
<!-- Generated by org.testng.reporters.JUnitReportReporter -->
<testsuite skipped="0" hostname="PR020574" name="discovery.BasicSearchOnLive.BS_LessThan10000ExportAllRecordsAsCSV" tests="1" failures="0" timestamp="16 Oct 2017 10:51:56 GMT" time="48.846" errors="0">
  <testcase name="LessThan10000ExportAllRecordsAsCSV" time="48.846" classname="discovery.BasicSearchOnLive.BS_LessThan10000ExportAllRecordsAsCSV"/>
</testsuite> <!-- discovery.BasicSearchOnLive.BS_LessThan10000ExportAllRecordsAsCSV -->
