<?xml version="1.0" encoding="UTF-8"?>
<!-- Generated by org.testng.reporters.JUnitReportReporter -->
<testsuite skipped="0" hostname="PR020574" name="discovery.AdvancedSearchOnLive.AS_ClosureStatus_close_SpecificDate" tests="1" failures="0" timestamp="16 Oct 2017 10:51:55 GMT" time="58.502" errors="0">
  <testcase name="close_SpecificDate" time="58.502" classname="discovery.AdvancedSearchOnLive.AS_ClosureStatus_close_SpecificDate"/>
</testsuite> <!-- discovery.AdvancedSearchOnLive.AS_ClosureStatus_close_SpecificDate -->
