<?xml version="1.0" encoding="UTF-8"?>
<!-- Generated by org.testng.reporters.JUnitReportReporter -->
<testsuite skipped="0" hostname="PR020574" name="dicovery.DeliveryOption.Offsite" tests="1" failures="0" timestamp="21 May 2018 14:12:05 GMT" time="10.146" errors="0">
  <testcase name="offsite" time="10.146" classname="dicovery.DeliveryOption.Offsite"/>
</testsuite> <!-- dicovery.DeliveryOption.Offsite -->
