<?xml version="1.0" encoding="UTF-8"?>
<!-- Generated by org.testng.reporters.JUnitReportReporter -->
<testsuite skipped="0" hostname="PR020574" name="discovery.AdvancedSearchOnLive.AS_ClosureStatus_Open_SpecificDate" tests="1" failures="0" timestamp="16 Oct 2017 10:51:56 GMT" time="36.402" errors="0">
  <testcase name="Open_SpecificDate" time="36.402" classname="discovery.AdvancedSearchOnLive.AS_ClosureStatus_Open_SpecificDate"/>
</testsuite> <!-- discovery.AdvancedSearchOnLive.AS_ClosureStatus_Open_SpecificDate -->
