<?xml version="1.0" encoding="UTF-8"?>
<!-- Generated by org.testng.reporters.JUnitReportReporter -->
<testsuite skipped="0" hostname="PR020921" name="discovery.SingleSignOnLive.CopyOfCreateAccount_ChangeEmailId" tests="1" failures="0" timestamp="22 Sep 2017 09:44:42 GMT" time="44.413" errors="0">
  <testcase name="ChangeEmailId" time="44.413" classname="discovery.SingleSignOnLive.CopyOfCreateAccount_ChangeEmailId"/>
</testsuite> <!-- discovery.SingleSignOnLive.CopyOfCreateAccount_ChangeEmailId -->
