<?xml version="1.0" encoding="UTF-8"?>
<!-- Generated by org.testng.reporters.JUnitReportReporter -->
<testsuite skipped="0" hostname="PR020921" name="discovery.SingleSignOn.CreateAccount_ClickRegister" tests="1" failures="0" timestamp="21 Sep 2017 09:34:33 GMT" time="12.170" errors="0">
  <testcase name="clickRegisterwithEmptyFields" time="12.170" classname="discovery.SingleSignOn.CreateAccount_ClickRegister"/>
</testsuite> <!-- discovery.SingleSignOn.CreateAccount_ClickRegister -->
