<?xml version="1.0" encoding="UTF-8"?>
<!-- Generated by org.testng.reporters.JUnitReportReporter -->
<testsuite skipped="0" hostname="PR020574" name="discovery.AdvancedSearchOnLive.AS_Records_DateRange_SearchAll" tests="1" failures="0" timestamp="16 Oct 2017 10:51:56 GMT" time="20.747" errors="0">
  <testcase name="DateRange_SearchAll" time="20.747" classname="discovery.AdvancedSearchOnLive.AS_Records_DateRange_SearchAll"/>
</testsuite> <!-- discovery.AdvancedSearchOnLive.AS_Records_DateRange_SearchAll -->
