<?xml version="1.0" encoding="UTF-8"?>
<!-- Generated by org.testng.reporters.JUnitReportReporter -->
<testsuite skipped="0" hostname="PR020574" name="discovery.AdvancedSearchOnLive.AS_AutoLookUp_OtherArchives" tests="1" failures="0" timestamp="16 Oct 2017 10:51:55 GMT" time="18.085" errors="0">
  <testcase name="verifyLookUp" time="18.085" classname="discovery.AdvancedSearchOnLive.AS_AutoLookUp_OtherArchives"/>
</testsuite> <!-- discovery.AdvancedSearchOnLive.AS_AutoLookUp_OtherArchives -->
