<?xml version="1.0" encoding="UTF-8"?>
<!-- Generated by org.testng.reporters.JUnitReportReporter -->
<testsuite skipped="0" hostname="PR020921" name="discovery.BasicSearchOnLive.CreateAndDeleteAccount" tests="3" failures="0" timestamp="19 Sep 2017 12:09:38 GMT" time="42.210" errors="0">
  <testcase name="createAccount" time="13.845" classname="discovery.BasicSearchOnLive.CreateAndDeleteAccount"/>
  <testcase name="signin" time="11.148" classname="discovery.BasicSearchOnLive.CreateAndDeleteAccount"/>
  <testcase name="deleteAccoount" time="17.217" classname="discovery.BasicSearchOnLive.CreateAndDeleteAccount"/>
</testsuite> <!-- discovery.BasicSearchOnLive.CreateAndDeleteAccount -->
