<?xml version="1.0" encoding="UTF-8"?>
<!-- Generated by org.testng.reporters.JUnitReportReporter -->
<testsuite skipped="0" hostname="PR020921" name="discovery.AdvancedSearchOnLive.AS_AutoLookUp" tests="1" failures="0" timestamp="27 Sep 2017 10:25:15 GMT" time="16.655" errors="0">
  <testcase name="verifyLoopUp" time="16.655" classname="discovery.AdvancedSearchOnLive.AS_AutoLookUp"/>
</testsuite> <!-- discovery.AdvancedSearchOnLive.AS_AutoLookUp -->
