<?xml version="1.0" encoding="UTF-8"?>
<!-- Generated by org.testng.reporters.JUnitReportReporter -->
<testsuite skipped="0" hostname="PR020574" name="discovery.FindAnAichiveOnLive.FA_HomeNation" tests="4" failures="0" timestamp="16 Oct 2017 10:51:56 GMT" time="57.060" errors="0">
  <testcase name="FourthHomeNation" time="14.187" classname="discovery.FindAnAichiveOnLive.FA_HomeNation"/>
  <testcase name="secondHomeNation" time="14.455" classname="discovery.FindAnAichiveOnLive.FA_HomeNation"/>
  <testcase name="ThirdHomeNation" time="14.650" classname="discovery.FindAnAichiveOnLive.FA_HomeNation"/>
  <testcase name="HomeNation" time="13.768" classname="discovery.FindAnAichiveOnLive.FA_HomeNation"/>
</testsuite> <!-- discovery.FindAnAichiveOnLive.FA_HomeNation -->
