<?xml version="1.0" encoding="UTF-8"?>
<!-- Generated by org.testng.reporters.JUnitReportReporter -->
<testsuite skipped="0" hostname="PR020921" name="discovery.MYC.ValidationCheck_Sub_Fonds" tests="1" failures="0" timestamp="11 Oct 2017 11:05:53 GMT" time="42.310" errors="0">
  <testcase name="validationcheck" time="42.310" classname="discovery.MYC.ValidationCheck_Sub_Fonds"/>
</testsuite> <!-- discovery.MYC.ValidationCheck_Sub_Fonds -->
