<?xml version="1.0" encoding="UTF-8"?>
<!-- Generated by org.testng.reporters.JUnitReportReporter -->
<testsuite skipped="0" hostname="PR020921" name="discovery.MYC.ValidationCheck_ChangeColumName" tests="1" failures="0" timestamp="11 Oct 2017 13:04:44 GMT" time="32.169" errors="0">
  <testcase name="validationcheck" time="32.169" classname="discovery.MYC.ValidationCheck_ChangeColumName"/>
</testsuite> <!-- discovery.MYC.ValidationCheck_ChangeColumName -->
