<?xml version="1.0" encoding="UTF-8"?>
<!-- Generated by org.testng.reporters.JUnitReportReporter -->
<testsuite skipped="0" hostname="PR020574" name="repository_API.Discovery_API_Repository_Collection" tests="1" failures="0" timestamp="21 May 2018 14:12:05 GMT" time="0.120" errors="0">
  <testcase name="verifyRecords_Details" time="0.120" classname="repository_API.Discovery_API_Repository_Collection"/>
</testsuite> <!-- repository_API.Discovery_API_Repository_Collection -->
