<?xml version="1.0" encoding="UTF-8"?>
<!-- Generated by org.testng.reporters.JUnitReportReporter -->
<testsuite skipped="0" hostname="PR020574" name="discovery.DownlaodRecordOnLive.Veriy_DownloadOption_ForStaff" tests="1" failures="0" timestamp="16 Oct 2017 10:51:56 GMT" time="19.991" errors="0">
  <testcase name="verify_Download_ForStaff" time="19.991" classname="discovery.DownlaodRecordOnLive.Veriy_DownloadOption_ForStaff"/>
</testsuite> <!-- discovery.DownlaodRecordOnLive.Veriy_DownloadOption_ForStaff -->
