<?xml version="1.0" encoding="UTF-8"?>
<!-- Generated by org.testng.reporters.JUnitReportReporter -->
<testsuite skipped="0" hostname="PR020921" name="discovery.Ecommerce.CopyOfPageCheckRequestACopy" tests="1" failures="0" timestamp="06 Oct 2017 11:08:18 GMT" time="119.789" errors="0">
  <testcase name="PageCheckRequestACopy" time="119.789" classname="discovery.Ecommerce.CopyOfPageCheckRequestACopy"/>
</testsuite> <!-- discovery.Ecommerce.CopyOfPageCheckRequestACopy -->
