<?xml version="1.0" encoding="UTF-8"?>
<!-- Generated by org.testng.reporters.JUnitReportReporter -->
<testsuite skipped="0" hostname="PR020574" name="dicovery.DeliveryOption.UnAvailable" tests="1" failures="0" timestamp="21 May 2018 14:12:05 GMT" time="10.686" errors="0">
  <testcase name="UnAvailable" time="10.686" classname="dicovery.DeliveryOption.UnAvailable"/>
</testsuite> <!-- dicovery.DeliveryOption.UnAvailable -->
