<?xml version="1.0" encoding="UTF-8"?>
<!-- Generated by org.testng.reporters.JUnitReportReporter -->
<testsuite skipped="0" hostname="PR020921" name="discovery.BasicSearchOnTest.CreateAccount" tests="3" failures="0" timestamp="12 Sep 2017 11:00:36 GMT" time="42.129" errors="0">
  <testcase name="createAccount" time="15.354" classname="discovery.BasicSearchOnTest.CreateAccount"/>
  <testcase name="signin" time="11.923" classname="discovery.BasicSearchOnTest.CreateAccount"/>
  <testcase name="deleteAccoount" time="14.852" classname="discovery.BasicSearchOnTest.CreateAccount"/>
</testsuite> <!-- discovery.BasicSearchOnTest.CreateAccount -->
