<?xml version="1.0" encoding="UTF-8"?>
<!-- Generated by org.testng.reporters.JUnitReportReporter -->
<testsuite skipped="0" hostname="PR020574" name="discovery.Ecommerce.AfterPlacing_order_recordcopy" tests="1" failures="0" timestamp="06 Oct 2017 14:54:47 GMT" time="32.294" errors="0">
  <testcase name="Rocordcopy" time="32.294" classname="discovery.Ecommerce.AfterPlacing_order_recordcopy"/>
</testsuite> <!-- discovery.Ecommerce.AfterPlacing_order_recordcopy -->
