<?xml version="1.0" encoding="UTF-8"?>
<!-- Generated by org.testng.reporters.JUnitReportReporter -->
<testsuite skipped="0" hostname="PR020574" name="discovery.BasicSearchOnTest.BS_VerifyTotalNoOfRecordsEachLink" tests="1" failures="0" timestamp="21 May 2018 14:12:04 GMT" time="62.318" errors="0">
  <testcase name="VerifyTotalNoOfRecordsEachLink" time="62.318" classname="discovery.BasicSearchOnTest.BS_VerifyTotalNoOfRecordsEachLink"/>
</testsuite> <!-- discovery.BasicSearchOnTest.BS_VerifyTotalNoOfRecordsEachLink -->
