<?xml version="1.0" encoding="UTF-8"?>
<!-- Generated by org.testng.reporters.JUnitReportReporter -->
<testsuite skipped="0" hostname="PR020574" name="discovery.DetailPageOnLive.Verify_DetailPage_OnSeriesLevel" tests="1" failures="0" timestamp="16 Oct 2017 10:51:56 GMT" time="9.469" errors="0">
  <testcase name="series_Serach" time="9.469" classname="discovery.DetailPageOnLive.Verify_DetailPage_OnSeriesLevel"/>
</testsuite> <!-- discovery.DetailPageOnLive.Verify_DetailPage_OnSeriesLevel -->
