<?xml version="1.0" encoding="UTF-8"?>
<!-- Generated by org.testng.reporters.JUnitReportReporter -->
<testsuite skipped="0" hostname="PR020921" name="discovery.MYC_InvalidValues.ValidationCheck_FondsWithNoReference" tests="1" failures="0" timestamp="11 Oct 2017 14:33:34 GMT" time="32.541" errors="0">
  <testcase name="validationcheck" time="32.541" classname="discovery.MYC_InvalidValues.ValidationCheck_FondsWithNoReference"/>
</testsuite> <!-- discovery.MYC_InvalidValues.ValidationCheck_FondsWithNoReference -->
