<?xml version="1.0" encoding="UTF-8"?>
<!-- Generated by org.testng.reporters.JUnitReportReporter -->
<testsuite skipped="0" hostname="PR020574" name="discovery.AdvancedSearchOnLive.AS_RecordCreator_CreatorType_DateRange" tests="1" failures="0" timestamp="16 Oct 2017 10:51:55 GMT" time="27.066" errors="0">
  <testcase name="CreatorType_DateRange" time="27.066" classname="discovery.AdvancedSearchOnLive.AS_RecordCreator_CreatorType_DateRange"/>
</testsuite> <!-- discovery.AdvancedSearchOnLive.AS_RecordCreator_CreatorType_DateRange -->
