<?xml version="1.0" encoding="UTF-8"?>
<!-- Generated by org.testng.reporters.JUnitReportReporter -->
<testsuite skipped="0" hostname="PR020574" name="discovery.BasicSearchOnLive.BS_NoOfRecordsPerPage15And30And60" tests="3" failures="0" timestamp="16 Oct 2017 10:51:56 GMT" time="78.883" errors="0">
  <testcase name="defalutRecordsPerPage" time="23.566" classname="discovery.BasicSearchOnLive.BS_NoOfRecordsPerPage15And30And60"/>
  <testcase name="click30" time="27.447" classname="discovery.BasicSearchOnLive.BS_NoOfRecordsPerPage15And30And60"/>
  <testcase name="click60" time="27.870" classname="discovery.BasicSearchOnLive.BS_NoOfRecordsPerPage15And30And60"/>
</testsuite> <!-- discovery.BasicSearchOnLive.BS_NoOfRecordsPerPage15And30And60 -->
