<?xml version="1.0" encoding="UTF-8"?>
<!-- Generated by org.testng.reporters.JUnitReportReporter -->
<testsuite skipped="0" hostname="PR020921" name="discovery.DownlaodRecordOnTest.Veriy_DownloadOption" tests="1" failures="0" timestamp="25 Sep 2017 14:23:19 GMT" time="42.610" errors="0">
  <testcase name="verify_Download" time="42.610" classname="discovery.DownlaodRecordOnTest.Veriy_DownloadOption"/>
</testsuite> <!-- discovery.DownlaodRecordOnTest.Veriy_DownloadOption -->
