<?xml version="1.0" encoding="UTF-8"?>
<!-- Generated by org.testng.reporters.JUnitReportReporter -->
<testsuite skipped="0" hostname="PR020921" name="dicovery.Sar_HO4051079FoiRequest" tests="1" failures="0" timestamp="06 Sep 2017 13:03:03 GMT" time="8.650" errors="0">
  <testcase name="HO4051079FoiRequest" time="8.650" classname="dicovery.Sar_HO4051079FoiRequest"/>
</testsuite> <!-- dicovery.Sar_HO4051079FoiRequest -->
