<?xml version="1.0" encoding="UTF-8"?>
<!-- Generated by org.testng.reporters.JUnitReportReporter -->
<testsuite skipped="0" hostname="PR020574" name="discovery.ManorSearchOnTest.MS_ForManorDocuments_VerifyRecords" tests="1" failures="0" timestamp="21 May 2018 14:12:05 GMT" time="39.082" errors="0">
  <testcase name="ForMonorDocuments_VerifyRecords" time="39.082" classname="discovery.ManorSearchOnTest.MS_ForManorDocuments_VerifyRecords"/>
</testsuite> <!-- discovery.ManorSearchOnTest.MS_ForManorDocuments_VerifyRecords -->
