<?xml version="1.0" encoding="UTF-8"?>
<!-- Generated by org.testng.reporters.JUnitReportReporter -->
<testsuite skipped="0" hostname="PR020574" name="discovery.AdvancedSearchOnLive.AS_SearchOtherArchives" tests="1" failures="0" timestamp="16 Oct 2017 10:51:55 GMT" time="20.709" errors="0">
  <testcase name="searchOtherArchives" time="20.709" classname="discovery.AdvancedSearchOnLive.AS_SearchOtherArchives"/>
</testsuite> <!-- discovery.AdvancedSearchOnLive.AS_SearchOtherArchives -->
