<?xml version="1.0" encoding="UTF-8"?>
<!-- Generated by org.testng.reporters.JUnitReportReporter -->
<testsuite skipped="0" hostname="PR020574" name="discovery.FindAnAichiveOnLive.FA_ChooseRegion" tests="3" failures="0" timestamp="16 Oct 2017 10:51:56 GMT" time="52.108" errors="0">
  <testcase name="ChooseRegion" time="17.346" classname="discovery.FindAnAichiveOnLive.FA_ChooseRegion"/>
  <testcase name="region2" time="17.585" classname="discovery.FindAnAichiveOnLive.FA_ChooseRegion"/>
  <testcase name="region3" time="17.177" classname="discovery.FindAnAichiveOnLive.FA_ChooseRegion"/>
</testsuite> <!-- discovery.FindAnAichiveOnLive.FA_ChooseRegion -->
