<?xml version="1.0" encoding="UTF-8"?>
<!-- Generated by org.testng.reporters.JUnitReportReporter -->
<testsuite skipped="0" hostname="PR020921" name="sar.Sar_CAB1343025Retention" tests="1" failures="0" timestamp="08 Sep 2017 11:02:12 GMT" time="9.882" errors="0">
  <testcase name="CAB1343025Retention" time="9.882" classname="sar.Sar_CAB1343025Retention"/>
</testsuite> <!-- sar.Sar_CAB1343025Retention -->
