<?xml version="1.0" encoding="UTF-8"?>
<!-- Generated by org.testng.reporters.JUnitReportReporter -->
<testsuite skipped="0" hostname="PR020921" name="discovery.ManorSearchOnTest.MS_ByMonor_VerifyRecordsCreator" tests="1" failures="0" timestamp="21 May 2018 13:07:03 GMT" time="25.189" errors="0">
  <testcase name="ByMonor_VerifyRecordsCreator" time="25.189" classname="discovery.ManorSearchOnTest.MS_ByMonor_VerifyRecordsCreator"/>
</testsuite> <!-- discovery.ManorSearchOnTest.MS_ByMonor_VerifyRecordsCreator -->
