<?xml version="1.0" encoding="UTF-8"?>
<!-- Generated by org.testng.reporters.JUnitReportReporter -->
<testsuite skipped="0" hostname="PR020574" name="discovery.BrowseOnTest.Records_Of_OtherArchives" tests="1" failures="0" timestamp="21 May 2018 14:12:04 GMT" time="15.248" errors="0">
  <testcase name="otherArchives" time="15.248" classname="discovery.BrowseOnTest.Records_Of_OtherArchives"/>
</testsuite> <!-- discovery.BrowseOnTest.Records_Of_OtherArchives -->
