<?xml version="1.0" encoding="UTF-8"?>
<!-- Generated by org.testng.reporters.JUnitReportReporter -->
<testsuite skipped="0" hostname="PR020921" name="discovery.MYC.ValidationCheck_EmptyFile" tests="1" failures="0" timestamp="11 Oct 2017 11:23:26 GMT" time="43.000" errors="0">
  <testcase name="validationcheck" time="43.000" classname="discovery.MYC.ValidationCheck_EmptyFile"/>
</testsuite> <!-- discovery.MYC.ValidationCheck_EmptyFile -->
