<?xml version="1.0" encoding="UTF-8"?>
<!-- Generated by org.testng.reporters.JUnitReportReporter -->
<testsuite skipped="0" hostname="PR020574" name="discovery.BrowseOnLive.Browse_Archives" tests="1" failures="0" timestamp="16 Oct 2017 10:51:56 GMT" time="14.534" errors="0">
  <testcase name="Browse_Archives" time="14.534" classname="discovery.BrowseOnLive.Browse_Archives"/>
</testsuite> <!-- discovery.BrowseOnLive.Browse_Archives -->
