<?xml version="1.0" encoding="UTF-8"?>
<!-- Generated by org.testng.reporters.JUnitReportReporter -->
<testsuite skipped="0" hostname="PR020921" name="sar.Sar_HO4051079FoiRequest" tests="1" failures="0" timestamp="08 Sep 2017 11:02:11 GMT" time="11.689" errors="0">
  <testcase name="HO4051079FoiRequest" time="11.689" classname="sar.Sar_HO4051079FoiRequest"/>
</testsuite> <!-- sar.Sar_HO4051079FoiRequest -->
