<?xml version="1.0" encoding="UTF-8"?>
<!-- Generated by org.testng.reporters.JUnitReportReporter -->
<testsuite skipped="0" hostname="PR020921" name="discovery.AdvancedSearchOnTest.AS_Records_SearchTheNA_CatalogueLevel" tests="1" failures="0" timestamp="22 May 2018 14:42:48 GMT" time="33.568" errors="0">
  <testcase name="SearchTheNA_CatalogueLevel" time="33.568" classname="discovery.AdvancedSearchOnTest.AS_Records_SearchTheNA_CatalogueLevel"/>
</testsuite> <!-- discovery.AdvancedSearchOnTest.AS_Records_SearchTheNA_CatalogueLevel -->
