<?xml version="1.0" encoding="UTF-8"?>
<!-- Generated by org.testng.reporters.JUnitReportReporter -->
<testsuite skipped="0" hostname="PR020574" name="discovery.Sar.Sar_CAB1343025Retention" tests="1" failures="0" timestamp="21 May 2018 14:12:03 GMT" time="9.414" errors="0">
  <testcase name="CAB1343025Retention" time="9.414" classname="discovery.Sar.Sar_CAB1343025Retention"/>
</testsuite> <!-- discovery.Sar.Sar_CAB1343025Retention -->
