<?xml version="1.0" encoding="UTF-8"?>
<!-- Generated by org.testng.reporters.JUnitReportReporter -->
<testsuite skipped="0" hostname="PR020921" name="discovery.DetailPage.Verify_DetailPage_OnAllLevels" tests="1" failures="0" timestamp="13 Sep 2017 09:37:31 GMT" time="48.676" errors="0">
  <testcase name="detailPgae" time="48.676" classname="discovery.DetailPage.Verify_DetailPage_OnAllLevels"/>
</testsuite> <!-- discovery.DetailPage.Verify_DetailPage_OnAllLevels -->
