<?xml version="1.0" encoding="UTF-8"?>
<!-- Generated by org.testng.reporters.JUnitReportReporter -->
<testsuite skipped="0" hostname="PR020574" name="discovery.AdvancedSearchOnLive.AS_Records_SearchTheTNA_Reference_IncludeContent" tests="1" failures="0" timestamp="16 Oct 2017 10:51:55 GMT" time="27.985" errors="0">
  <testcase name="SearchTheTNA_Reference_IncludeContent" time="27.985" classname="discovery.AdvancedSearchOnLive.AS_Records_SearchTheTNA_Reference_IncludeContent"/>
</testsuite> <!-- discovery.AdvancedSearchOnLive.AS_Records_SearchTheTNA_Reference_IncludeContent -->
