<?xml version="1.0" encoding="UTF-8"?>
<!-- Generated by org.testng.reporters.JUnitReportReporter -->
<testsuite skipped="0" hostname="PR020574" name="discovery.BasicSearchOnLive.BS_LessThan10000_SortedBy_Reference" tests="1" failures="0" timestamp="16 Oct 2017 10:51:55 GMT" time="31.794" errors="0">
  <testcase name="SortedBy_Reference" time="31.794" classname="discovery.BasicSearchOnLive.BS_LessThan10000_SortedBy_Reference"/>
</testsuite> <!-- discovery.BasicSearchOnLive.BS_LessThan10000_SortedBy_Reference -->
