<?xml version="1.0" encoding="UTF-8"?>
<!-- Generated by org.testng.reporters.JUnitReportReporter -->
<testsuite skipped="0" hostname="PR020907" name="discovery.BasicSearchOnTest.BS_VerifyTotalNoOfRecordsEachGreaterThan" tests="1" failures="0" timestamp="27 Oct 2017 13:20:24 GMT" time="34.988" errors="0">
  <testcase name="openUrl" time="34.988" classname="discovery.BasicSearchOnTest.BS_VerifyTotalNoOfRecordsEachGreaterThan"/>
</testsuite> <!-- discovery.BasicSearchOnTest.BS_VerifyTotalNoOfRecordsEachGreaterThan -->
