<?xml version="1.0" encoding="UTF-8"?>
<!-- Generated by org.testng.reporters.JUnitReportReporter -->
<testsuite skipped="0" hostname="PR020574" name="discovery.DetailPageOnTest.Verify_DetailPage_OnSeriesLevel" tests="1" failures="0" timestamp="21 May 2018 14:12:04 GMT" time="11.717" errors="0">
  <testcase name="series_Serach" time="11.717" classname="discovery.DetailPageOnTest.Verify_DetailPage_OnSeriesLevel"/>
</testsuite> <!-- discovery.DetailPageOnTest.Verify_DetailPage_OnSeriesLevel -->
