<?xml version="1.0" encoding="UTF-8"?>
<!-- Generated by org.testng.reporters.JUnitReportReporter -->
<testsuite skipped="0" hostname="PR020921" name="discovery.FileHandler.UploadeFile" tests="1" failures="0" timestamp="26 Sep 2017 11:38:02 GMT" time="42.005" errors="0">
  <testcase name="uploadfile" time="42.005" classname="discovery.FileHandler.UploadeFile"/>
</testsuite> <!-- discovery.FileHandler.UploadeFile -->
