<?xml version="1.0" encoding="UTF-8"?>
<!-- Generated by org.testng.reporters.JUnitReportReporter -->
<testsuite skipped="0" hostname="PR020921" name="discovery.Ecommerce.Finaluseraccount" tests="1" failures="0" timestamp="06 Oct 2017 15:07:50 GMT" time="34.539" errors="0">
  <testcase name="finalverification" time="34.539" classname="discovery.Ecommerce.Finaluseraccount"/>
</testsuite> <!-- discovery.Ecommerce.Finaluseraccount -->
