<?xml version="1.0" encoding="UTF-8"?>
<!-- Generated by org.testng.reporters.JUnitReportReporter -->
<testsuite skipped="0" hostname="PR020574" name="discovery.BasicSearchOnLive.BS_VerifyTotalNoOfRRecordsAndRecordCreators" tests="1" failures="0" timestamp="16 Oct 2017 10:51:56 GMT" time="35.789" errors="0">
  <testcase name="VerifyTotalNoOfRRecordsAndRecordCreators" time="35.789" classname="discovery.BasicSearchOnLive.BS_VerifyTotalNoOfRRecordsAndRecordCreators"/>
</testsuite> <!-- discovery.BasicSearchOnLive.BS_VerifyTotalNoOfRRecordsAndRecordCreators -->
