<?xml version="1.0" encoding="UTF-8"?>
<!-- Generated by org.testng.reporters.JUnitReportReporter -->
<testsuite skipped="0" hostname="PR020921" name="dicovery.collectioncare" tests="1" failures="0" timestamp="08 Sep 2017 11:02:12 GMT" time="15.764" errors="0">
  <testcase name="collectionCare" time="15.764" classname="dicovery.collectioncare"/>
</testsuite> <!-- dicovery.collectioncare -->
