<?xml version="1.0" encoding="UTF-8"?>
<!-- Generated by org.testng.reporters.JUnitReportReporter -->
<testsuite skipped="0" hostname="PR020574" name="discoveryAPI.Discovery_API_Repository_details_Id" tests="1" failures="0" timestamp="28 Mar 2018 10:04:15 GMT" time="0.219" errors="0">
  <testcase name="verifyRecords_Details" time="0.219" classname="discoveryAPI.Discovery_API_Repository_details_Id"/>
</testsuite> <!-- discoveryAPI.Discovery_API_Repository_details_Id -->
