<?xml version="1.0" encoding="UTF-8"?>
<!-- Generated by org.testng.reporters.JUnitReportReporter -->
<testsuite skipped="0" hostname="PR020921" name="discovery.BrowseOnLive.Browse_Records" tests="1" failures="0" timestamp="19 Sep 2017 10:30:00 GMT" time="13.646" errors="0">
  <testcase name="browseRecords" time="13.646" classname="discovery.BrowseOnLive.Browse_Records"/>
</testsuite> <!-- discovery.BrowseOnLive.Browse_Records -->
