<?xml version="1.0" encoding="UTF-8"?>
<!-- Generated by org.testng.reporters.JUnitReportReporter -->
<testsuite skipped="0" hostname="PR020574" name="discovery.BookmarkOnTest.Bookmark_add_Rename_Delete" tests="1" failures="0" timestamp="21 May 2018 14:12:04 GMT" time="34.099" errors="0">
  <testcase name="bookmark_add" time="34.099" classname="discovery.BookmarkOnTest.Bookmark_add_Rename_Delete"/>
</testsuite> <!-- discovery.BookmarkOnTest.Bookmark_add_Rename_Delete -->
