<?xml version="1.0" encoding="UTF-8"?>
<!-- Generated by org.testng.reporters.JUnitReportReporter -->
<testsuite skipped="0" hostname="PR020921" name="dicovery.Foi1939register" tests="1" failures="0" timestamp="18 Aug 2017 15:30:10 GMT" time="64.125" errors="0">
  <testcase name="Foi1939register" time="64.125" classname="dicovery.Foi1939register"/>
</testsuite> <!-- dicovery.Foi1939register -->
