<?xml version="1.0" encoding="UTF-8"?>
<!-- Generated by org.testng.reporters.JUnitReportReporter -->
<testsuite skipped="0" hostname="PR020574" name="discovery.BasicSearchOnTest.BS_LessThan10000_SortedBy_Reference" tests="1" failures="0" timestamp="21 May 2018 14:12:05 GMT" time="223.140" errors="0">
  <testcase name="LessThan10000_SortedBy_Reference" time="223.140" classname="discovery.BasicSearchOnTest.BS_LessThan10000_SortedBy_Reference"/>
</testsuite> <!-- discovery.BasicSearchOnTest.BS_LessThan10000_SortedBy_Reference -->
