<?xml version="1.0" encoding="UTF-8"?>
<!-- Generated by org.testng.reporters.JUnitReportReporter -->
<testsuite skipped="0" hostname="PR020574" name="cabinetPapersSearch.CabinetPapers_Date_descriptionOnly" tests="1" failures="0" timestamp="21 May 2018 14:12:04 GMT" time="10.845" errors="0">
  <testcase name="cabinetSearch" time="10.845" classname="cabinetPapersSearch.CabinetPapers_Date_descriptionOnly"/>
</testsuite> <!-- cabinetPapersSearch.CabinetPapers_Date_descriptionOnly -->
