<?xml version="1.0" encoding="UTF-8"?>
<!-- Generated by org.testng.reporters.JUnitReportReporter -->
<testsuite skipped="0" hostname="PR020921" name="discovery.MYC_ValidValues.ValidationCheck_FondsAndSubFonds" tests="1" failures="0" timestamp="11 Oct 2017 14:34:25 GMT" time="34.930" errors="0">
  <testcase name="validationcheck" time="34.930" classname="discovery.MYC_ValidValues.ValidationCheck_FondsAndSubFonds"/>
</testsuite> <!-- discovery.MYC_ValidValues.ValidationCheck_FondsAndSubFonds -->
