<?xml version="1.0" encoding="UTF-8"?>
<!-- Generated by org.testng.reporters.JUnitReportReporter -->
<testsuite skipped="0" hostname="PR020921" name="dicovery.unAvailable" tests="1" failures="0" timestamp="08 Sep 2017 11:02:13 GMT" time="12.050" errors="0">
  <testcase name="UnAvailable" time="12.050" classname="dicovery.unAvailable"/>
</testsuite> <!-- dicovery.unAvailable -->
