<?xml version="1.0" encoding="UTF-8"?>
<!-- Generated by org.testng.reporters.JUnitReportReporter -->
<testsuite skipped="0" hostname="PR020574" name="discovery.Ecommerce.PageCheckRequestMore1000Characters" tests="1" failures="0" timestamp="21 May 2018 14:12:03 GMT" time="42.952" errors="0">
  <testcase name="PageCheckRequestACopy" time="42.952" classname="discovery.Ecommerce.PageCheckRequestMore1000Characters"/>
</testsuite> <!-- discovery.Ecommerce.PageCheckRequestMore1000Characters -->
