<?xml version="1.0" encoding="UTF-8"?>
<!-- Generated by org.testng.reporters.JUnitReportReporter -->
<testsuite skipped="0" hostname="PR020921" name="dicovery.digitizedOther" tests="1" failures="0" timestamp="08 Sep 2017 11:02:13 GMT" time="11.388" errors="0">
  <testcase name="digitizedOther" time="11.388" classname="dicovery.digitizedOther"/>
</testsuite> <!-- dicovery.digitizedOther -->
