<?xml version="1.0" encoding="UTF-8"?>
<!-- Generated by org.testng.reporters.JUnitReportReporter -->
<testsuite skipped="0" hostname="PR020574" name="discovery.BasicSearchOnTest.BS_NoOfRecordsPerPage15And30And60" tests="3" failures="0" timestamp="21 May 2018 14:12:04 GMT" time="95.705" errors="0">
  <testcase name="defalutRecordsPerPage" time="23.813" classname="discovery.BasicSearchOnTest.BS_NoOfRecordsPerPage15And30And60"/>
  <testcase name="click30" time="32.422" classname="discovery.BasicSearchOnTest.BS_NoOfRecordsPerPage15And30And60"/>
  <testcase name="click60" time="39.470" classname="discovery.BasicSearchOnTest.BS_NoOfRecordsPerPage15And30And60"/>
</testsuite> <!-- discovery.BasicSearchOnTest.BS_NoOfRecordsPerPage15And30And60 -->
