<?xml version="1.0" encoding="UTF-8"?>
<!-- Generated by org.testng.reporters.JUnitReportReporter -->
<testsuite skipped="0" hostname="PR020921" name="dicovery.SubscriptionMoDMedalResearchOffice" tests="1" failures="0" timestamp="08 Sep 2017 11:02:11 GMT" time="36.911" errors="0">
  <testcase name="SubscriptionMoDMedalResearchOffice" time="36.911" classname="dicovery.SubscriptionMoDMedalResearchOffice"/>
</testsuite> <!-- dicovery.SubscriptionMoDMedalResearchOffice -->
