<?xml version="1.0" encoding="UTF-8"?>
<!-- Generated by org.testng.reporters.JUnitReportReporter -->
<testsuite skipped="0" hostname="PR020574" name="discovery.FindAnAichiveOnTest.FA_ExportFirst1000RecordCreatorAsHTML" tests="1" failures="0" timestamp="21 May 2018 14:12:05 GMT" time="35.493" errors="0">
  <testcase name="ExportFirst1000RecordCreatorAsHTML" time="35.493" classname="discovery.FindAnAichiveOnTest.FA_ExportFirst1000RecordCreatorAsHTML"/>
</testsuite> <!-- discovery.FindAnAichiveOnTest.FA_ExportFirst1000RecordCreatorAsHTML -->
