<?xml version="1.0" encoding="UTF-8"?>
<!-- Generated by org.testng.reporters.JUnitReportReporter -->
<testsuite skipped="0" hostname="PR020574" name="discovery.AdvancedSearchOnLive.AS_Records_SearchTheNA_Taxonomy_Witchcraft" tests="1" failures="0" timestamp="16 Oct 2017 10:51:55 GMT" time="27.023" errors="0">
  <testcase name="SearchTheNA_Taxonomy_Witchcraft" time="27.023" classname="discovery.AdvancedSearchOnLive.AS_Records_SearchTheNA_Taxonomy_Witchcraft"/>
</testsuite> <!-- discovery.AdvancedSearchOnLive.AS_Records_SearchTheNA_Taxonomy_Witchcraft -->
