<?xml version="1.0" encoding="UTF-8"?>
<!-- Generated by org.testng.reporters.JUnitReportReporter -->
<testsuite skipped="0" hostname="PR020921" name="discovery.MYC.ValidationCheck_ModifyLevelName" tests="1" failures="0" timestamp="11 Oct 2017 13:25:39 GMT" time="41.446" errors="0">
  <testcase name="validationcheck" time="41.446" classname="discovery.MYC.ValidationCheck_ModifyLevelName"/>
</testsuite> <!-- discovery.MYC.ValidationCheck_ModifyLevelName -->
