<?xml version="1.0" encoding="UTF-8"?>
<!-- Generated by org.testng.reporters.JUnitReportReporter -->
<testsuite skipped="0" hostname="PR020921" name="discovery.MYC.ValidationCheck_Sub_Sub_Sub_Series" tests="1" failures="0" timestamp="11 Oct 2017 11:03:44 GMT" time="35.924" errors="0">
  <testcase name="validationcheck" time="35.924" classname="discovery.MYC.ValidationCheck_Sub_Sub_Sub_Series"/>
</testsuite> <!-- discovery.MYC.ValidationCheck_Sub_Sub_Sub_Series -->
