<?xml version="1.0" encoding="UTF-8"?>
<!-- Generated by org.testng.reporters.JUnitReportReporter -->
<testsuite skipped="0" hostname="PR020574" name="fileauthorities_API.Discovery_API_Collections" tests="1" failures="0" timestamp="21 May 2018 14:12:04 GMT" time="5.415" errors="0">
  <testcase name="verifyFileAuthority" time="5.415" classname="fileauthorities_API.Discovery_API_Collections"/>
</testsuite> <!-- fileauthorities_API.Discovery_API_Collections -->
