<?xml version="1.0" encoding="UTF-8"?>
<!-- Generated by org.testng.reporters.JUnitReportReporter -->
<testsuite skipped="0" hostname="PR020921" name="dicovery.DeliveryOption.WO416" tests="1" failures="0" timestamp="12 Mar 2018 16:41:06 GMT" time="20.186" errors="0">
  <testcase name="paidSearch" time="20.186" classname="dicovery.DeliveryOption.WO416"/>
</testsuite> <!-- dicovery.DeliveryOption.WO416 -->
