<?xml version="1.0" encoding="UTF-8"?>
<!-- Generated by org.testng.reporters.JUnitReportReporter -->
<testsuite skipped="0" hostname="PR020921" name="discovery.MYC_InvalidValues.ValidationCheck_ChangeColumName" tests="1" failures="0" timestamp="11 Oct 2017 14:18:58 GMT" time="53.838" errors="0">
  <testcase name="validationcheck" time="53.838" classname="discovery.MYC_InvalidValues.ValidationCheck_ChangeColumName"/>
</testsuite> <!-- discovery.MYC_InvalidValues.ValidationCheck_ChangeColumName -->
