<?xml version="1.0" encoding="UTF-8"?>
<!-- Generated by org.testng.reporters.JUnitReportReporter -->
<testsuite skipped="0" hostname="PR020921" name="dicovery.AV_Media" tests="1" failures="0" timestamp="08 Sep 2017 11:02:12 GMT" time="10.563" errors="0">
  <testcase name="AV_Media" time="10.563" classname="dicovery.AV_Media"/>
</testsuite> <!-- dicovery.AV_Media -->
