<?xml version="1.0" encoding="UTF-8"?>
<!-- Generated by org.testng.reporters.JUnitReportReporter -->
<testsuite skipped="0" hostname="PR020921" name="sar.Sar_DPP23289FoiRequest" tests="1" failures="0" timestamp="08 Sep 2017 11:02:12 GMT" time="9.710" errors="0">
  <testcase name="DPP23289FoiRequest" time="9.710" classname="sar.Sar_DPP23289FoiRequest"/>
</testsuite> <!-- sar.Sar_DPP23289FoiRequest -->
