<?xml version="1.0" encoding="UTF-8"?>
<!-- Generated by org.testng.reporters.JUnitReportReporter -->
<testsuite skipped="0" hostname="PR020574" name="discovery.Ecommerce.BackOfficeAndTestEnv_PageRequest" tests="4" failures="0" timestamp="09 Oct 2017 09:39:51 GMT" time="124.908" errors="0">
  <testcase name="Rocordcopy" time="16.533" classname="discovery.Ecommerce.BackOfficeAndTestEnv_PageRequest"/>
  <testcase name="PlacOrder" time="55.563" classname="discovery.Ecommerce.BackOfficeAndTestEnv_PageRequest"/>
  <testcase name="AfterPlacingOrder" time="27.390" classname="discovery.Ecommerce.BackOfficeAndTestEnv_PageRequest"/>
  <testcase name="finalverification" time="25.422" classname="discovery.Ecommerce.BackOfficeAndTestEnv_PageRequest"/>
</testsuite> <!-- discovery.Ecommerce.BackOfficeAndTestEnv_PageRequest -->
