<?xml version="1.0" encoding="UTF-8"?>
<!-- Generated by org.testng.reporters.JUnitReportReporter -->
<testsuite skipped="0" hostname="PR020574" name="searchForRepositories_API.Discovery_API_SearchForRepositories_Archives" tests="1" failures="0" timestamp="21 May 2018 14:12:04 GMT" time="0.076" errors="0">
  <testcase name="verifySearchforRepositories" time="0.076" classname="searchForRepositories_API.Discovery_API_SearchForRepositories_Archives"/>
</testsuite> <!-- searchForRepositories_API.Discovery_API_SearchForRepositories_Archives -->
