<?xml version="1.0" encoding="UTF-8"?>
<!-- Generated by org.testng.reporters.JUnitReportReporter -->
<testsuite skipped="0" hostname="PR020574" name="discovery.ManorSearchOnLive.MS_ForMonorDocuments_VerifyRecords" tests="1" failures="0" timestamp="16 Oct 2017 10:51:56 GMT" time="30.057" errors="0">
  <testcase name="ForMonorDocuments_VerifyRecords" time="30.057" classname="discovery.ManorSearchOnLive.MS_ForMonorDocuments_VerifyRecords"/>
</testsuite> <!-- discovery.ManorSearchOnLive.MS_ForMonorDocuments_VerifyRecords -->
