<?xml version="1.0" encoding="UTF-8"?>
<!-- Generated by org.testng.reporters.JUnitReportReporter -->
<testsuite skipped="0" hostname="PR020574" name="discovery.BasicSearchOnTest.BS_RecordCreator_filterresult" tests="1" failures="0" timestamp="21 May 2018 14:12:04 GMT" time="185.072" errors="0">
  <testcase name="RecordCreator_filterresult" time="185.072" classname="discovery.BasicSearchOnTest.BS_RecordCreator_filterresult"/>
</testsuite> <!-- discovery.BasicSearchOnTest.BS_RecordCreator_filterresult -->
