<?xml version="1.0" encoding="UTF-8"?>
<!-- Generated by org.testng.reporters.JUnitReportReporter -->
<testsuite skipped="0" hostname="PR020574" name="dicovery.DeliveryOption.AV_Media" tests="1" failures="0" timestamp="21 May 2018 14:12:04 GMT" time="12.647" errors="0">
  <testcase name="AV_Media" time="12.647" classname="dicovery.DeliveryOption.AV_Media"/>
</testsuite> <!-- dicovery.DeliveryOption.AV_Media -->
