<?xml version="1.0" encoding="UTF-8"?>
<!-- Generated by org.testng.reporters.JUnitReportReporter -->
<testsuite skipped="0" hostname="PR020921" name="sar.Sar_HO45237211FoiRequest" tests="1" failures="0" timestamp="08 Sep 2017 11:02:12 GMT" time="9.590" errors="0">
  <testcase name="HO45237211FoiRequest" time="9.590" classname="sar.Sar_HO45237211FoiRequest"/>
</testsuite> <!-- sar.Sar_HO45237211FoiRequest -->
