<?xml version="1.0" encoding="UTF-8"?>
<!-- Generated by org.testng.reporters.JUnitReportReporter -->
<testsuite skipped="0" hostname="PR020574" name="dicovery.DeliveryOption.Collectioncare" tests="1" failures="0" timestamp="21 May 2018 14:12:03 GMT" time="13.665" errors="0">
  <testcase name="collectionCare" time="13.665" classname="dicovery.DeliveryOption.Collectioncare"/>
</testsuite> <!-- dicovery.DeliveryOption.Collectioncare -->
