<?xml version="1.0" encoding="UTF-8"?>
<!-- Generated by org.testng.reporters.JUnitReportReporter -->
<testsuite skipped="0" hostname="PR020574" name="discovery.BasicSearchOnTest.BS_FilterResult_VerifyCollectionAndSubjects" tests="1" failures="0" timestamp="21 May 2018 14:12:05 GMT" time="36.001" errors="0">
  <testcase name="VerifyCollectionAndSubjects" time="36.001" classname="discovery.BasicSearchOnTest.BS_FilterResult_VerifyCollectionAndSubjects"/>
</testsuite> <!-- discovery.BasicSearchOnTest.BS_FilterResult_VerifyCollectionAndSubjects -->
