<?xml version="1.0" encoding="UTF-8"?>
<!-- Generated by org.testng.reporters.JUnitReportReporter -->
<testsuite skipped="0" hostname="PR020921" name="discovery.SingleSignOn.CreateAndDeleteAccount_NoAcceptTerm" tests="1" failures="0" timestamp="21 Sep 2017 10:00:17 GMT" time="12.261" errors="0">
  <testcase name="createAccount" time="12.261" classname="discovery.SingleSignOn.CreateAndDeleteAccount_NoAcceptTerm"/>
</testsuite> <!-- discovery.SingleSignOn.CreateAndDeleteAccount_NoAcceptTerm -->
