<?xml version="1.0" encoding="UTF-8"?>
<!-- Generated by org.testng.reporters.JUnitReportReporter -->
<testsuite skipped="0" hostname="PR020574" name="discovery.Sar.Sar_RW33FQZFoiRequest" tests="1" failures="0" timestamp="21 May 2018 14:12:04 GMT" time="9.679" errors="0">
  <testcase name="RW33FQZFoiRequest" time="9.679" classname="discovery.Sar.Sar_RW33FQZFoiRequest"/>
</testsuite> <!-- discovery.Sar.Sar_RW33FQZFoiRequest -->
