<?xml version="1.0" encoding="UTF-8"?>
<!-- Generated by org.testng.reporters.JUnitReportReporter -->
<testsuite skipped="0" hostname="PR020921" name="discovery.FileHandler.FH_DeleteFile" tests="1" failures="0" timestamp="26 Sep 2017 11:58:07 GMT" time="128.360" errors="0">
  <testcase name="uploadfile" time="128.360" classname="discovery.FileHandler.FH_DeleteFile"/>
</testsuite> <!-- discovery.FileHandler.FH_DeleteFile -->
