<?xml version="1.0" encoding="UTF-8"?>
<!-- Generated by org.testng.reporters.JUnitReportReporter -->
<testsuite skipped="0" hostname="PR020574" name="discovery.ManorSearchOnLive.MS_ForMonorDocuments_KeyWordSearch" tests="1" failures="0" timestamp="16 Oct 2017 10:51:55 GMT" time="41.262" errors="0">
  <testcase name="ForMonorDocuments_KeyWordSearch" time="41.262" classname="discovery.ManorSearchOnLive.MS_ForMonorDocuments_KeyWordSearch"/>
</testsuite> <!-- discovery.ManorSearchOnLive.MS_ForMonorDocuments_KeyWordSearch -->
