<?xml version="1.0" encoding="UTF-8"?>
<!-- Generated by org.testng.reporters.JUnitReportReporter -->
<testsuite skipped="0" hostname="PR020574" name="discovery.TagOnTest.DeleteTag" tests="1" failures="0" timestamp="21 May 2018 14:12:04 GMT" time="25.437" errors="0">
  <testcase name="deleteTag" time="25.437" classname="discovery.TagOnTest.DeleteTag"/>
</testsuite> <!-- discovery.TagOnTest.DeleteTag -->
