<?xml version="1.0" encoding="UTF-8"?>
<!-- Generated by org.testng.reporters.JUnitReportReporter -->
<testsuite skipped="0" hostname="PR020921" name="discovery.MYC.ValidationCheck_FondsWithNoLegalStatus" tests="1" failures="0" timestamp="11 Oct 2017 13:06:12 GMT" time="32.690" errors="0">
  <testcase name="validationcheck" time="32.690" classname="discovery.MYC.ValidationCheck_FondsWithNoLegalStatus"/>
</testsuite> <!-- discovery.MYC.ValidationCheck_FondsWithNoLegalStatus -->
