<?xml version="1.0" encoding="UTF-8"?>
<!-- Generated by org.testng.reporters.JUnitReportReporter -->
<testsuite skipped="0" hostname="PR020921" name="discovery.AdvancedSearchOnTest.AS_ClosureStatus_Open_SpecificDate" tests="1" failures="0" timestamp="22 May 2018 14:42:47 GMT" time="42.683" errors="0">
  <testcase name="Open_SpecificDate" time="42.683" classname="discovery.AdvancedSearchOnTest.AS_ClosureStatus_Open_SpecificDate"/>
</testsuite> <!-- discovery.AdvancedSearchOnTest.AS_ClosureStatus_Open_SpecificDate -->
