<?xml version="1.0" encoding="UTF-8"?>
<!-- Generated by org.testng.reporters.JUnitReportReporter -->
<testsuite skipped="0" hostname="PR020574" name="discovery.BasicSearchOnLive.BS_RecordCreator_filterresult" tests="1" failures="0" timestamp="16 Oct 2017 10:51:55 GMT" time="23.928" errors="0">
  <testcase name="RecordCreator_filterresult" time="23.928" classname="discovery.BasicSearchOnLive.BS_RecordCreator_filterresult"/>
</testsuite> <!-- discovery.BasicSearchOnLive.BS_RecordCreator_filterresult -->
