<?xml version="1.0" encoding="UTF-8"?>
<!-- Generated by org.testng.reporters.JUnitReportReporter -->
<testsuite skipped="0" hostname="PR020574" name="dicovery.DeliveryOption.DigitizedAvailableButNotDownloadableAtItemLevel" tests="1" failures="0" timestamp="21 May 2018 14:12:03 GMT" time="12.768" errors="0">
  <testcase name="digitizedAvailableButNotDownlodableAtItemLevel" time="12.768" classname="dicovery.DeliveryOption.DigitizedAvailableButNotDownloadableAtItemLevel"/>
</testsuite> <!-- dicovery.DeliveryOption.DigitizedAvailableButNotDownloadableAtItemLevel -->
