<?xml version="1.0" encoding="UTF-8"?>
<!-- Generated by org.testng.reporters.JUnitReportReporter -->
<testsuite skipped="0" hostname="PR020574" name="dicovery.DeliveryOption.TooLargeToCopyOriginal" tests="1" failures="0" timestamp="21 May 2018 14:12:04 GMT" time="10.200" errors="0">
  <testcase name="tooLargeToCopy" time="10.200" classname="dicovery.DeliveryOption.TooLargeToCopyOriginal"/>
</testsuite> <!-- dicovery.DeliveryOption.TooLargeToCopyOriginal -->
