<?xml version="1.0" encoding="UTF-8"?>
<!-- Generated by org.testng.reporters.JUnitReportReporter -->
<testsuite skipped="0" hostname="PR020574" name="discoveryAPI.Discovery_API_Repository_Collection" tests="1" failures="0" timestamp="28 Mar 2018 10:04:15 GMT" time="0.156" errors="0">
  <testcase name="verifyRecords_Details" time="0.156" classname="discoveryAPI.Discovery_API_Repository_Collection"/>
</testsuite> <!-- discoveryAPI.Discovery_API_Repository_Collection -->
