<?xml version="1.0" encoding="UTF-8"?>
<!-- Generated by org.testng.reporters.JUnitReportReporter -->
<testsuite skipped="0" hostname="PR020921" name="discovery.SingleSignOn.CreateAccount_clickRegisterwithInvalidEmail" tests="1" failures="0" timestamp="21 Sep 2017 09:53:24 GMT" time="11.494" errors="0">
  <testcase name="clickRegisterwithInvalidEmail" time="11.494" classname="discovery.SingleSignOn.CreateAccount_clickRegisterwithInvalidEmail"/>
</testsuite> <!-- discovery.SingleSignOn.CreateAccount_clickRegisterwithInvalidEmail -->
