<?xml version="1.0" encoding="UTF-8"?>
<!-- Generated by org.testng.reporters.JUnitReportReporter -->
<testsuite skipped="0" hostname="PR020574" name="discovery.BrowseOnLive.Records_Of_TNA" tests="1" failures="0" timestamp="16 Oct 2017 10:51:55 GMT" time="15.963" errors="0">
  <testcase name="browseRecords" time="15.963" classname="discovery.BrowseOnLive.Records_Of_TNA"/>
</testsuite> <!-- discovery.BrowseOnLive.Records_Of_TNA -->
