<?xml version="1.0" encoding="UTF-8"?>
<!-- Generated by org.testng.reporters.JUnitReportReporter -->
<testsuite skipped="0" hostname="PR020574" name="discovery.BrowseOnTest.Record_Creators" tests="1" failures="0" timestamp="21 May 2018 14:12:05 GMT" time="26.663" errors="0">
  <testcase name="recordCreators" time="26.663" classname="discovery.BrowseOnTest.Record_Creators"/>
</testsuite> <!-- discovery.BrowseOnTest.Record_Creators -->
