<?xml version="1.0" encoding="UTF-8"?>
<!-- Generated by org.testng.reporters.JUnitReportReporter -->
<testsuite skipped="0" hostname="PR020921" name="discovery.Ecommerce.HomeGuard" tests="1" failures="0" timestamp="05 Jun 2018 10:36:47 GMT" time="127.229" errors="0">
  <testcase name="HomeGuard" time="127.229" classname="discovery.Ecommerce.HomeGuard"/>
</testsuite> <!-- discovery.Ecommerce.HomeGuard -->
