<?xml version="1.0" encoding="UTF-8"?>
<!-- Generated by org.testng.reporters.JUnitReportReporter -->
<testsuite skipped="0" hostname="PR020574" name="discovery.FindAnAichiveOnLive.FA_BrowseByCountryName" tests="2" failures="0" timestamp="16 Oct 2017 10:51:56 GMT" time="43.330" errors="0">
  <testcase name="BrowseByCountryName" time="21.972" classname="discovery.FindAnAichiveOnLive.FA_BrowseByCountryName"/>
  <testcase name="BrowseCountryname2" time="21.358" classname="discovery.FindAnAichiveOnLive.FA_BrowseByCountryName"/>
</testsuite> <!-- discovery.FindAnAichiveOnLive.FA_BrowseByCountryName -->
