<?xml version="1.0" encoding="UTF-8"?>
<!-- Generated by org.testng.reporters.JUnitReportReporter -->
<testsuite skipped="0" hostname="PR020921" name="dicovery.AcademicSubscription" tests="1" failures="0" timestamp="08 Sep 2017 11:02:12 GMT" time="14.807" errors="0">
  <testcase name="academicSubscription" time="14.807" classname="dicovery.AcademicSubscription"/>
</testsuite> <!-- dicovery.AcademicSubscription -->
