<?xml version="1.0" encoding="UTF-8"?>
<!-- Generated by org.testng.reporters.JUnitReportReporter -->
<testsuite skipped="0" hostname="PR020921" name="discovery.MYC.ValidationCheck_Sub_Sub_Sub_Fonds" tests="1" failures="0" timestamp="11 Oct 2017 11:20:04 GMT" time="39.160" errors="0">
  <testcase name="validationcheck" time="39.160" classname="discovery.MYC.ValidationCheck_Sub_Sub_Sub_Fonds"/>
</testsuite> <!-- discovery.MYC.ValidationCheck_Sub_Sub_Sub_Fonds -->
