<?xml version="1.0" encoding="UTF-8"?>
<!-- Generated by org.testng.reporters.JUnitReportReporter -->
<testsuite skipped="0" hostname="PR020574" name="cabinetPapersSearch.CabinetPapers_Educationresources" tests="1" failures="0" timestamp="21 May 2018 14:12:04 GMT" time="10.729" errors="0">
  <testcase name="cabinetSearch" time="10.729" classname="cabinetPapersSearch.CabinetPapers_Educationresources"/>
</testsuite> <!-- cabinetPapersSearch.CabinetPapers_Educationresources -->
