<?xml version="1.0" encoding="UTF-8"?>
<!-- Generated by org.testng.reporters.JUnitReportReporter -->
<testsuite skipped="0" hostname="PR020921" name="discovery.Tag.AddTag" tests="1" failures="0" timestamp="21 Sep 2017 14:10:57 GMT" time="31.192" errors="0">
  <testcase name="tag" time="31.192" classname="discovery.Tag.AddTag"/>
</testsuite> <!-- discovery.Tag.AddTag -->
