<?xml version="1.0" encoding="UTF-8"?>
<!-- Generated by org.testng.reporters.JUnitReportReporter -->
<testsuite skipped="0" hostname="PR020921" name="dicovery.displayAtMuseum" tests="1" failures="0" timestamp="08 Sep 2017 11:02:12 GMT" time="14.543" errors="0">
  <testcase name="DisplayAtMuseum" time="14.543" classname="dicovery.displayAtMuseum"/>
</testsuite> <!-- dicovery.displayAtMuseum -->
