<?xml version="1.0" encoding="UTF-8"?>
<!-- Generated by org.testng.reporters.JUnitReportReporter -->
<testsuite skipped="0" hostname="PR020574" name="dicovery.DeliveryOption.DisplayAtMuseum" tests="1" failures="0" timestamp="21 May 2018 14:12:05 GMT" time="13.764" errors="0">
  <testcase name="DisplayAtMuseum" time="13.764" classname="dicovery.DeliveryOption.DisplayAtMuseum"/>
</testsuite> <!-- dicovery.DeliveryOption.DisplayAtMuseum -->
