<?xml version="1.0" encoding="UTF-8"?>
<!-- Generated by org.testng.reporters.JUnitReportReporter -->
<testsuite skipped="0" hostname="PR020921" name="discovery.MYC.ValidationCheck" tests="1" failures="0" timestamp="11 Oct 2017 10:20:17 GMT" time="59.715" errors="0">
  <testcase name="validationcheck" time="59.715" classname="discovery.MYC.ValidationCheck"/>
</testsuite> <!-- discovery.MYC.ValidationCheck -->
