<?xml version="1.0" encoding="UTF-8"?>
<!-- Generated by org.testng.reporters.JUnitReportReporter -->
<testsuite skipped="0" hostname="PR020921" name="discovery.AdvancedSearchOnTest.AS_Records_DateRange_SearchAll" tests="1" failures="0" timestamp="22 May 2018 14:42:47 GMT" time="25.227" errors="0">
  <testcase name="DateRange_SearchAll" time="25.227" classname="discovery.AdvancedSearchOnTest.AS_Records_DateRange_SearchAll"/>
</testsuite> <!-- discovery.AdvancedSearchOnTest.AS_Records_DateRange_SearchAll -->
