<?xml version="1.0" encoding="UTF-8"?>
<!-- Generated by org.testng.reporters.JUnitReportReporter -->
<testsuite skipped="0" hostname="PR020921" name="dicovery.Sar_HO45237211FoiRequest" tests="1" failures="0" timestamp="06 Sep 2017 13:03:02 GMT" time="8.735" errors="0">
  <testcase name="HO45237211FoiRequest" time="8.735" classname="dicovery.Sar_HO45237211FoiRequest"/>
</testsuite> <!-- dicovery.Sar_HO45237211FoiRequest -->
