<?xml version="1.0" encoding="UTF-8"?>
<!-- Generated by org.testng.reporters.JUnitReportReporter -->
<testsuite skipped="0" hostname="PR020574" name="discovery.SingleSignOnTest.SS_ForgttenPassword" tests="1" failures="0" timestamp="21 May 2018 14:12:04 GMT" time="7.642" errors="0">
  <testcase name="forgotten_Password" time="7.642" classname="discovery.SingleSignOnTest.SS_ForgttenPassword"/>
</testsuite> <!-- discovery.SingleSignOnTest.SS_ForgttenPassword -->
