<?xml version="1.0" encoding="UTF-8"?>
<!-- Generated by org.testng.reporters.JUnitReportReporter -->
<testsuite skipped="0" hostname="PR020574" name="searchForFileAuthorities_API.Discovery_API_SearchForFileAuthorities" tests="1" failures="0" timestamp="21 May 2018 14:12:04 GMT" time="0.353" errors="0">
  <testcase name="verifyRecords_Details" time="0.353" classname="searchForFileAuthorities_API.Discovery_API_SearchForFileAuthorities"/>
</testsuite> <!-- searchForFileAuthorities_API.Discovery_API_SearchForFileAuthorities -->
