<?xml version="1.0" encoding="UTF-8"?>
<!-- Generated by org.testng.reporters.JUnitReportReporter -->
<testsuite skipped="0" hostname="PR020921" name="dicovery.Sar_AB7190VisitTheDepartmentWebsite" tests="1" failures="0" timestamp="06 Sep 2017 13:03:03 GMT" time="9.213" errors="0">
  <testcase name="AB7190VisitTheDepartmentWebsite" time="9.213" classname="dicovery.Sar_AB7190VisitTheDepartmentWebsite"/>
</testsuite> <!-- dicovery.Sar_AB7190VisitTheDepartmentWebsite -->
