<?xml version="1.0" encoding="UTF-8"?>
<!-- Generated by org.testng.reporters.JUnitReportReporter -->
<testsuite skipped="0" hostname="PR020574" name="discovery.FindAnAichiveOnLive.FA_UsingMap" tests="2" failures="0" timestamp="16 Oct 2017 10:51:55 GMT" time="35.021" errors="0">
  <testcase name="BrowseCountryname2" time="17.512" classname="discovery.FindAnAichiveOnLive.FA_UsingMap"/>
  <testcase name="usingmap" time="17.509" classname="discovery.FindAnAichiveOnLive.FA_UsingMap"/>
</testsuite> <!-- discovery.FindAnAichiveOnLive.FA_UsingMap -->
